SF:/home/lonless/rust-projects/barks/common/src/allocator.rs
FN:54,_RNvMNtCsfe3fH1fQhFR_12barks_common9allocatorNtB2_19ThreadSafeAllocator11alloc_bytes
FN:80,_RNvMNtCsfe3fH1fQhFR_12barks_common9allocatorNtB2_19ThreadSafeAllocator15allocated_bytes
FN:86,_RNvMNtCsfe3fH1fQhFR_12barks_common9allocatorNtB2_19ThreadSafeAllocator18remaining_capacity
FN:47,_RNvMNtCsfe3fH1fQhFR_12barks_common9allocatorNtB2_19ThreadSafeAllocator3new
FN:68,_RNvMNtCsfe3fH1fQhFR_12barks_common9allocatorNtB2_19ThreadSafeAllocator5reset
FN:74,_RNvMNtCsfe3fH1fQhFR_12barks_common9allocatorNtB2_19ThreadSafeAllocator5stats
FN:61,_RNvMNtCsfe3fH1fQhFR_12barks_common9allocatorNtB2_19ThreadSafeAllocator9alloc_str
FN:147,_RNvMs1_NtCsfe3fH1fQhFR_12barks_common9allocatorNtB5_16AllocatorBuilder11track_stats
FN:141,_RNvMs1_NtCsfe3fH1fQhFR_12barks_common9allocatorNtB5_16AllocatorBuilder16initial_capacity
FN:159,_RNvMs1_NtCsfe3fH1fQhFR_12barks_common9allocatorNtB5_16AllocatorBuilder17build_thread_safe
FN:134,_RNvMs1_NtCsfe3fH1fQhFR_12barks_common9allocatorNtB5_16AllocatorBuilder3new
FN:153,_RNvMs1_NtCsfe3fH1fQhFR_12barks_common9allocatorNtB5_16AllocatorBuilder5build
FN:186,_RNvMs3_NtCsfe3fH1fQhFR_12barks_common9allocatorNtB5_22InternalAllocatorStats12record_reset
FN:180,_RNvMs3_NtCsfe3fH1fQhFR_12barks_common9allocatorNtB5_22InternalAllocatorStats17record_allocation
FN:191,_RNvMs3_NtCsfe3fH1fQhFR_12barks_common9allocatorNtB5_22InternalAllocatorStats9get_stats
FN:209,_RNvMs4_NtCsfe3fH1fQhFR_12barks_common9allocatorNtB5_20BumpaloAllocatorImpl3new
FN:119,_RNvXs0_NtCsfe3fH1fQhFR_12barks_common9allocatorNtB5_15AllocatorConfigNtNtCs54tgE0qq4eT_4core7default7Default7default
FN:166,_RNvXs2_NtCsfe3fH1fQhFR_12barks_common9allocatorNtB5_16AllocatorBuilderNtNtCs54tgE0qq4eT_4core7default7Default7default
FN:230,_RNvXs5_NtCsfe3fH1fQhFR_12barks_common9allocatorNtB5_20BumpaloAllocatorImplNtB5_9Allocator11alloc_bytes
FN:260,_RNvXs5_NtCsfe3fH1fQhFR_12barks_common9allocatorNtB5_20BumpaloAllocatorImplNtB5_9Allocator15allocated_bytes
FN:264,_RNvXs5_NtCsfe3fH1fQhFR_12barks_common9allocatorNtB5_20BumpaloAllocatorImplNtB5_9Allocator18remaining_capacity
FN:245,_RNvXs5_NtCsfe3fH1fQhFR_12barks_common9allocatorNtB5_20BumpaloAllocatorImplNtB5_9Allocator5reset
FN:252,_RNvXs5_NtCsfe3fH1fQhFR_12barks_common9allocatorNtB5_20BumpaloAllocatorImplNtB5_9Allocator5stats
FN:237,_RNvXs5_NtCsfe3fH1fQhFR_12barks_common9allocatorNtB5_20BumpaloAllocatorImplNtB5_9Allocator9alloc_str
FN:93,_RNvXs_NtCsfe3fH1fQhFR_12barks_common9allocatorNtB4_19ThreadSafeAllocatorNtNtCs54tgE0qq4eT_4core5clone5Clone5clone
FNDA:0,_RNvMNtCsfe3fH1fQhFR_12barks_common9allocatorNtB2_19ThreadSafeAllocator11alloc_bytes
FNDA:0,_RNvMNtCsfe3fH1fQhFR_12barks_common9allocatorNtB2_19ThreadSafeAllocator15allocated_bytes
FNDA:0,_RNvMNtCsfe3fH1fQhFR_12barks_common9allocatorNtB2_19ThreadSafeAllocator18remaining_capacity
FNDA:0,_RNvMNtCsfe3fH1fQhFR_12barks_common9allocatorNtB2_19ThreadSafeAllocator3new
FNDA:0,_RNvMNtCsfe3fH1fQhFR_12barks_common9allocatorNtB2_19ThreadSafeAllocator5reset
FNDA:0,_RNvMNtCsfe3fH1fQhFR_12barks_common9allocatorNtB2_19ThreadSafeAllocator5stats
FNDA:0,_RNvMNtCsfe3fH1fQhFR_12barks_common9allocatorNtB2_19ThreadSafeAllocator9alloc_str
FNDA:0,_RNvMs1_NtCsfe3fH1fQhFR_12barks_common9allocatorNtB5_16AllocatorBuilder11track_stats
FNDA:0,_RNvMs1_NtCsfe3fH1fQhFR_12barks_common9allocatorNtB5_16AllocatorBuilder16initial_capacity
FNDA:0,_RNvMs1_NtCsfe3fH1fQhFR_12barks_common9allocatorNtB5_16AllocatorBuilder17build_thread_safe
FNDA:0,_RNvMs1_NtCsfe3fH1fQhFR_12barks_common9allocatorNtB5_16AllocatorBuilder3new
FNDA:0,_RNvMs1_NtCsfe3fH1fQhFR_12barks_common9allocatorNtB5_16AllocatorBuilder5build
FNDA:0,_RNvMs3_NtCsfe3fH1fQhFR_12barks_common9allocatorNtB5_22InternalAllocatorStats12record_reset
FNDA:0,_RNvMs3_NtCsfe3fH1fQhFR_12barks_common9allocatorNtB5_22InternalAllocatorStats17record_allocation
FNDA:0,_RNvMs3_NtCsfe3fH1fQhFR_12barks_common9allocatorNtB5_22InternalAllocatorStats9get_stats
FNDA:0,_RNvMs4_NtCsfe3fH1fQhFR_12barks_common9allocatorNtB5_20BumpaloAllocatorImpl3new
FNDA:0,_RNvXs0_NtCsfe3fH1fQhFR_12barks_common9allocatorNtB5_15AllocatorConfigNtNtCs54tgE0qq4eT_4core7default7Default7default
FNDA:0,_RNvXs2_NtCsfe3fH1fQhFR_12barks_common9allocatorNtB5_16AllocatorBuilderNtNtCs54tgE0qq4eT_4core7default7Default7default
FNDA:0,_RNvXs5_NtCsfe3fH1fQhFR_12barks_common9allocatorNtB5_20BumpaloAllocatorImplNtB5_9Allocator11alloc_bytes
FNDA:0,_RNvXs5_NtCsfe3fH1fQhFR_12barks_common9allocatorNtB5_20BumpaloAllocatorImplNtB5_9Allocator15allocated_bytes
FNDA:0,_RNvXs5_NtCsfe3fH1fQhFR_12barks_common9allocatorNtB5_20BumpaloAllocatorImplNtB5_9Allocator18remaining_capacity
FNDA:0,_RNvXs5_NtCsfe3fH1fQhFR_12barks_common9allocatorNtB5_20BumpaloAllocatorImplNtB5_9Allocator5reset
FNDA:0,_RNvXs5_NtCsfe3fH1fQhFR_12barks_common9allocatorNtB5_20BumpaloAllocatorImplNtB5_9Allocator5stats
FNDA:0,_RNvXs5_NtCsfe3fH1fQhFR_12barks_common9allocatorNtB5_20BumpaloAllocatorImplNtB5_9Allocator9alloc_str
FNDA:0,_RNvXs_NtCsfe3fH1fQhFR_12barks_common9allocatorNtB4_19ThreadSafeAllocatorNtNtCs54tgE0qq4eT_4core5clone5Clone5clone
FNF:25
FNH:0
DA:47,0
DA:48,0
DA:49,0
DA:50,0
DA:51,0
DA:54,0
DA:55,0
DA:56,0
DA:57,0
DA:58,0
DA:61,0
DA:62,0
DA:63,0
DA:64,0
DA:65,0
DA:68,0
DA:69,0
DA:70,0
DA:71,0
DA:74,0
DA:75,0
DA:76,0
DA:77,0
DA:80,0
DA:81,0
DA:82,0
DA:83,0
DA:86,0
DA:87,0
DA:88,0
DA:89,0
DA:93,0
DA:94,0
DA:95,0
DA:96,0
DA:97,0
DA:119,0
DA:120,0
DA:121,0
DA:122,0
DA:123,0
DA:124,0
DA:134,0
DA:135,0
DA:136,0
DA:137,0
DA:138,0
DA:141,0
DA:142,0
DA:143,0
DA:144,0
DA:147,0
DA:148,0
DA:149,0
DA:150,0
DA:153,0
DA:154,0
DA:155,0
DA:156,0
DA:159,0
DA:160,0
DA:161,0
DA:162,0
DA:166,0
DA:167,0
DA:168,0
DA:180,0
DA:181,0
DA:182,0
DA:183,0
DA:184,0
DA:186,0
DA:187,0
DA:188,0
DA:189,0
DA:191,0
DA:192,0
DA:193,0
DA:194,0
DA:195,0
DA:196,0
DA:197,0
DA:198,0
DA:209,0
DA:210,0
DA:213,0
DA:214,0
DA:215,0
DA:216,0
DA:217,0
DA:219,0
DA:220,0
DA:222,0
DA:225,0
DA:226,0
DA:230,0
DA:231,0
DA:232,0
DA:233,0
DA:234,0
DA:235,0
DA:237,0
DA:238,0
DA:239,0
DA:240,0
DA:241,0
DA:242,0
DA:243,0
DA:245,0
DA:246,0
DA:247,0
DA:248,0
DA:249,0
DA:250,0
DA:252,0
DA:253,0
DA:254,0
DA:256,0
DA:258,0
DA:260,0
DA:261,0
DA:262,0
DA:264,0
DA:265,0
DA:266,0
DA:267,0
DA:268,0
DA:269,0
DA:270,0
BRF:0
BRH:0
LF:129
LH:0
end_of_record
SF:/home/lonless/rust-projects/barks/common/src/cache.rs
FN:136,_RINvMs0_NtCsfe3fH1fQhFR_12barks_common5cacheNtB6_12CacheBuilder5buildppEB8_
FN:204,_RNCNvMs3_NtCsfe3fH1fQhFR_12barks_common5cacheINtB7_13MokaCacheImplppE3new0B9_
FN:277,_RNCNvXININtCsfe3fH1fQhFR_12barks_common5cachesc_0ppEINtB7_13MokaCacheImplppEINtB7_5CacheppE12contains_key0B9_
FN:247,_RNCNvXININtCsfe3fH1fQhFR_12barks_common5cachesc_0ppEINtB7_13MokaCacheImplppEINtB7_5CacheppE3get0B9_
FN:285,_RNCNvXININtCsfe3fH1fQhFR_12barks_common5cachesc_0ppEINtB7_13MokaCacheImplppEINtB7_5CacheppE3len0B9_
FN:260,_RNCNvXININtCsfe3fH1fQhFR_12barks_common5cachesc_0ppEINtB7_13MokaCacheImplppEINtB7_5CacheppE3put0B9_
FN:281,_RNCNvXININtCsfe3fH1fQhFR_12barks_common5cachesc_0ppEINtB7_13MokaCacheImplppEINtB7_5CacheppE5clear0B9_
FN:289,_RNCNvXININtCsfe3fH1fQhFR_12barks_common5cachesc_0ppEINtB7_13MokaCacheImplppEINtB7_5CacheppE5stats0B9_
FN:273,_RNCNvXININtCsfe3fH1fQhFR_12barks_common5cachesc_0ppEINtB7_13MokaCacheImplppEINtB7_5CacheppE6remove0B9_
FN:45,_RNCNvYpINtNtCsfe3fH1fQhFR_12barks_common5cache5CacheppE8is_empty0Ba_
FN:199,_RNvMs3_NtCsfe3fH1fQhFR_12barks_common5cacheINtB5_13MokaCacheImplppE3newB7_
FN:279,_RNvXININtCsfe3fH1fQhFR_12barks_common5cachesc_0ppEINtB5_13MokaCacheImplppEINtB5_5CacheppE12contains_keyB7_
FN:258,_RNvXININtCsfe3fH1fQhFR_12barks_common5cachesc_0ppEINtB5_13MokaCacheImplppEINtB5_5CacheppE3getB7_
FN:287,_RNvXININtCsfe3fH1fQhFR_12barks_common5cachesc_0ppEINtB5_13MokaCacheImplppEINtB5_5CacheppE3lenB7_
FN:271,_RNvXININtCsfe3fH1fQhFR_12barks_common5cachesc_0ppEINtB5_13MokaCacheImplppEINtB5_5CacheppE3putB7_
FN:283,_RNvXININtCsfe3fH1fQhFR_12barks_common5cachesc_0ppEINtB5_13MokaCacheImplppEINtB5_5CacheppE5clearB7_
FN:291,_RNvXININtCsfe3fH1fQhFR_12barks_common5cachesc_0ppEINtB5_13MokaCacheImplppEINtB5_5CacheppE5statsB7_
FN:275,_RNvXININtCsfe3fH1fQhFR_12barks_common5cachesc_0ppEINtB5_13MokaCacheImplppEINtB5_5CacheppE6removeB7_
FN:47,_RNvYpINtNtCsfe3fH1fQhFR_12barks_common5cache5CacheppE8is_emptyB8_
FNDA:0,_RINvMs0_NtCsfe3fH1fQhFR_12barks_common5cacheNtB6_12CacheBuilder5buildppEB8_
FNDA:0,_RNCNvMs3_NtCsfe3fH1fQhFR_12barks_common5cacheINtB7_13MokaCacheImplppE3new0B9_
FNDA:0,_RNCNvXININtCsfe3fH1fQhFR_12barks_common5cachesc_0ppEINtB7_13MokaCacheImplppEINtB7_5CacheppE12contains_key0B9_
FNDA:0,_RNCNvXININtCsfe3fH1fQhFR_12barks_common5cachesc_0ppEINtB7_13MokaCacheImplppEINtB7_5CacheppE3get0B9_
FNDA:0,_RNCNvXININtCsfe3fH1fQhFR_12barks_common5cachesc_0ppEINtB7_13MokaCacheImplppEINtB7_5CacheppE3len0B9_
FNDA:0,_RNCNvXININtCsfe3fH1fQhFR_12barks_common5cachesc_0ppEINtB7_13MokaCacheImplppEINtB7_5CacheppE3put0B9_
FNDA:0,_RNCNvXININtCsfe3fH1fQhFR_12barks_common5cachesc_0ppEINtB7_13MokaCacheImplppEINtB7_5CacheppE5clear0B9_
FNDA:0,_RNCNvXININtCsfe3fH1fQhFR_12barks_common5cachesc_0ppEINtB7_13MokaCacheImplppEINtB7_5CacheppE5stats0B9_
FNDA:0,_RNCNvXININtCsfe3fH1fQhFR_12barks_common5cachesc_0ppEINtB7_13MokaCacheImplppEINtB7_5CacheppE6remove0B9_
FNDA:0,_RNCNvYpINtNtCsfe3fH1fQhFR_12barks_common5cache5CacheppE8is_empty0Ba_
FNDA:0,_RNvMs3_NtCsfe3fH1fQhFR_12barks_common5cacheINtB5_13MokaCacheImplppE3newB7_
FNDA:0,_RNvXININtCsfe3fH1fQhFR_12barks_common5cachesc_0ppEINtB5_13MokaCacheImplppEINtB5_5CacheppE12contains_keyB7_
FNDA:0,_RNvXININtCsfe3fH1fQhFR_12barks_common5cachesc_0ppEINtB5_13MokaCacheImplppEINtB5_5CacheppE3getB7_
FNDA:0,_RNvXININtCsfe3fH1fQhFR_12barks_common5cachesc_0ppEINtB5_13MokaCacheImplppEINtB5_5CacheppE3lenB7_
FNDA:0,_RNvXININtCsfe3fH1fQhFR_12barks_common5cachesc_0ppEINtB5_13MokaCacheImplppEINtB5_5CacheppE3putB7_
FNDA:0,_RNvXININtCsfe3fH1fQhFR_12barks_common5cachesc_0ppEINtB5_13MokaCacheImplppEINtB5_5CacheppE5clearB7_
FNDA:0,_RNvXININtCsfe3fH1fQhFR_12barks_common5cachesc_0ppEINtB5_13MokaCacheImplppEINtB5_5CacheppE5statsB7_
FNDA:0,_RNvXININtCsfe3fH1fQhFR_12barks_common5cachesc_0ppEINtB5_13MokaCacheImplppEINtB5_5CacheppE6removeB7_
FNDA:0,_RNvYpINtNtCsfe3fH1fQhFR_12barks_common5cache5CacheppE8is_emptyB8_
FNF:19
FNH:0
DA:45,0
DA:46,0
DA:47,0
DA:136,0
DA:137,0
DA:138,0
DA:139,0
DA:140,0
DA:141,0
DA:142,0
DA:143,0
DA:199,0
DA:200,0
DA:201,0
DA:202,0
DA:203,0
DA:204,0
DA:209,0
DA:210,0
DA:211,0
DA:212,0
DA:214,0
DA:216,0
DA:217,0
DA:218,0
DA:220,0
DA:221,0
DA:222,0
DA:224,0
DA:225,0
DA:226,0
DA:228,0
DA:229,0
DA:230,0
DA:233,0
DA:234,0
DA:235,0
DA:236,0
DA:237,0
DA:238,0
DA:247,0
DA:248,0
DA:251,0
DA:252,0
DA:253,0
DA:254,0
DA:255,0
DA:257,0
DA:258,0
DA:260,0
DA:261,0
DA:262,0
DA:263,0
DA:264,0
DA:265,0
DA:268,0
DA:269,0
DA:270,0
DA:271,0
DA:273,0
DA:274,0
DA:275,0
DA:277,0
DA:278,0
DA:279,0
DA:281,0
DA:282,0
DA:283,0
DA:285,0
DA:286,0
DA:287,0
DA:289,0
DA:290,0
DA:291,0
BRF:0
BRH:0
LF:83
LH:0
end_of_record
SF:/home/lonless/rust-projects/barks/common/src/compression.rs
FN:277,_RNCNvXs6_NtCsfe3fH1fQhFR_12barks_common11compressionNtB7_14ZstdCompressorNtB7_10Compressor10decompress0B9_
FN:265,_RNCNvXs6_NtCsfe3fH1fQhFR_12barks_common11compressionNtB7_14ZstdCompressorNtB7_10Compressor8compress0B9_
FN:337,_RNCNvXs8_NtCsfe3fH1fQhFR_12barks_common11compressionNtB7_13Lz4CompressorNtB7_10Compressor10decompress0B9_
FN:409,_RNCNvXsa_NtCsfe3fH1fQhFR_12barks_common11compressionNtB7_16SnappyCompressorNtB7_10Compressor10decompress0B9_
FN:390,_RNCNvXsa_NtCsfe3fH1fQhFR_12barks_common11compressionNtB7_16SnappyCompressorNtB7_10Compressor8compress0B9_
FN:394,_RNCNvXsa_NtCsfe3fH1fQhFR_12barks_common11compressionNtB7_16SnappyCompressorNtB7_10Compressor8compresss_0B9_
FN:25,_RNvMNtCsfe3fH1fQhFR_12barks_common11compressionNtB2_20CompressionAlgorithm13default_level
FN:34,_RNvMNtCsfe3fH1fQhFR_12barks_common11compressionNtB2_20CompressionAlgorithm15supports_levels
FN:113,_RNvMs0_NtCsfe3fH1fQhFR_12barks_common11compressionNtB5_17CompressionConfig10with_level
FN:119,_RNvMs0_NtCsfe3fH1fQhFR_12barks_common11compressionNtB5_17CompressionConfig19with_stats_tracking
FN:104,_RNvMs0_NtCsfe3fH1fQhFR_12barks_common11compressionNtB5_17CompressionConfig3new
FN:158,_RNvMs2_NtCsfe3fH1fQhFR_12barks_common11compressionNtB5_18CompressionBuilder11track_stats
FN:145,_RNvMs2_NtCsfe3fH1fQhFR_12barks_common11compressionNtB5_18CompressionBuilder14with_algorithm
FN:138,_RNvMs2_NtCsfe3fH1fQhFR_12barks_common11compressionNtB5_18CompressionBuilder3new
FN:164,_RNvMs2_NtCsfe3fH1fQhFR_12barks_common11compressionNtB5_18CompressionBuilder5build
FN:152,_RNvMs2_NtCsfe3fH1fQhFR_12barks_common11compressionNtB5_18CompressionBuilder5level
FN:199,_RNvMs4_NtCsfe3fH1fQhFR_12barks_common11compressionNtB5_24InternalCompressionStats18record_compression
FN:207,_RNvMs4_NtCsfe3fH1fQhFR_12barks_common11compressionNtB5_24InternalCompressionStats20record_decompression
FN:213,_RNvMs4_NtCsfe3fH1fQhFR_12barks_common11compressionNtB5_24InternalCompressionStats5reset
FN:221,_RNvMs4_NtCsfe3fH1fQhFR_12barks_common11compressionNtB5_24InternalCompressionStats9get_stats
FN:240,_RNvMs5_NtCsfe3fH1fQhFR_12barks_common11compressionNtB5_14ZstdCompressor3new
FN:314,_RNvMs7_NtCsfe3fH1fQhFR_12barks_common11compressionNtB5_13Lz4Compressor3new
FN:374,_RNvMs9_NtCsfe3fH1fQhFR_12barks_common11compressionNtB5_16SnappyCompressor3new
FN:81,_RNvMs_NtCsfe3fH1fQhFR_12barks_common11compressionNtB4_16CompressionStats13space_savings
FN:72,_RNvMs_NtCsfe3fH1fQhFR_12barks_common11compressionNtB4_16CompressionStats17compression_ratio
FN:126,_RNvXs1_NtCsfe3fH1fQhFR_12barks_common11compressionNtB5_17CompressionConfigNtNtCs54tgE0qq4eT_4core7default7Default7default
FN:183,_RNvXs3_NtCsfe3fH1fQhFR_12barks_common11compressionNtB5_18CompressionBuilderNtNtCs54tgE0qq4eT_4core7default7Default7default
FN:276,_RNvXs6_NtCsfe3fH1fQhFR_12barks_common11compressionNtB5_14ZstdCompressorNtB5_10Compressor10decompress
FN:300,_RNvXs6_NtCsfe3fH1fQhFR_12barks_common11compressionNtB5_14ZstdCompressorNtB5_10Compressor11reset_stats
FN:292,_RNvXs6_NtCsfe3fH1fQhFR_12barks_common11compressionNtB5_14ZstdCompressorNtB5_10Compressor5stats
FN:264,_RNvXs6_NtCsfe3fH1fQhFR_12barks_common11compressionNtB5_14ZstdCompressorNtB5_10Compressor8compress
FN:288,_RNvXs6_NtCsfe3fH1fQhFR_12barks_common11compressionNtB5_14ZstdCompressorNtB5_10Compressor9algorithm
FN:336,_RNvXs8_NtCsfe3fH1fQhFR_12barks_common11compressionNtB5_13Lz4CompressorNtB5_10Compressor10decompress
FN:360,_RNvXs8_NtCsfe3fH1fQhFR_12barks_common11compressionNtB5_13Lz4CompressorNtB5_10Compressor11reset_stats
FN:352,_RNvXs8_NtCsfe3fH1fQhFR_12barks_common11compressionNtB5_13Lz4CompressorNtB5_10Compressor5stats
FN:326,_RNvXs8_NtCsfe3fH1fQhFR_12barks_common11compressionNtB5_13Lz4CompressorNtB5_10Compressor8compress
FN:348,_RNvXs8_NtCsfe3fH1fQhFR_12barks_common11compressionNtB5_13Lz4CompressorNtB5_10Compressor9algorithm
FN:405,_RNvXsa_NtCsfe3fH1fQhFR_12barks_common11compressionNtB5_16SnappyCompressorNtB5_10Compressor10decompress
FN:432,_RNvXsa_NtCsfe3fH1fQhFR_12barks_common11compressionNtB5_16SnappyCompressorNtB5_10Compressor11reset_stats
FN:424,_RNvXsa_NtCsfe3fH1fQhFR_12barks_common11compressionNtB5_16SnappyCompressorNtB5_10Compressor5stats
FN:386,_RNvXsa_NtCsfe3fH1fQhFR_12barks_common11compressionNtB5_16SnappyCompressorNtB5_10Compressor8compress
FN:420,_RNvXsa_NtCsfe3fH1fQhFR_12barks_common11compressionNtB5_16SnappyCompressorNtB5_10Compressor9algorithm
FNDA:0,_RNCNvXs6_NtCsfe3fH1fQhFR_12barks_common11compressionNtB7_14ZstdCompressorNtB7_10Compressor10decompress0B9_
FNDA:0,_RNCNvXs6_NtCsfe3fH1fQhFR_12barks_common11compressionNtB7_14ZstdCompressorNtB7_10Compressor8compress0B9_
FNDA:0,_RNCNvXs8_NtCsfe3fH1fQhFR_12barks_common11compressionNtB7_13Lz4CompressorNtB7_10Compressor10decompress0B9_
FNDA:0,_RNCNvXsa_NtCsfe3fH1fQhFR_12barks_common11compressionNtB7_16SnappyCompressorNtB7_10Compressor10decompress0B9_
FNDA:0,_RNCNvXsa_NtCsfe3fH1fQhFR_12barks_common11compressionNtB7_16SnappyCompressorNtB7_10Compressor8compress0B9_
FNDA:0,_RNCNvXsa_NtCsfe3fH1fQhFR_12barks_common11compressionNtB7_16SnappyCompressorNtB7_10Compressor8compresss_0B9_
FNDA:0,_RNvMNtCsfe3fH1fQhFR_12barks_common11compressionNtB2_20CompressionAlgorithm13default_level
FNDA:0,_RNvMNtCsfe3fH1fQhFR_12barks_common11compressionNtB2_20CompressionAlgorithm15supports_levels
FNDA:0,_RNvMs0_NtCsfe3fH1fQhFR_12barks_common11compressionNtB5_17CompressionConfig10with_level
FNDA:0,_RNvMs0_NtCsfe3fH1fQhFR_12barks_common11compressionNtB5_17CompressionConfig19with_stats_tracking
FNDA:0,_RNvMs0_NtCsfe3fH1fQhFR_12barks_common11compressionNtB5_17CompressionConfig3new
FNDA:0,_RNvMs2_NtCsfe3fH1fQhFR_12barks_common11compressionNtB5_18CompressionBuilder11track_stats
FNDA:0,_RNvMs2_NtCsfe3fH1fQhFR_12barks_common11compressionNtB5_18CompressionBuilder14with_algorithm
FNDA:0,_RNvMs2_NtCsfe3fH1fQhFR_12barks_common11compressionNtB5_18CompressionBuilder3new
FNDA:0,_RNvMs2_NtCsfe3fH1fQhFR_12barks_common11compressionNtB5_18CompressionBuilder5build
FNDA:0,_RNvMs2_NtCsfe3fH1fQhFR_12barks_common11compressionNtB5_18CompressionBuilder5level
FNDA:0,_RNvMs4_NtCsfe3fH1fQhFR_12barks_common11compressionNtB5_24InternalCompressionStats18record_compression
FNDA:0,_RNvMs4_NtCsfe3fH1fQhFR_12barks_common11compressionNtB5_24InternalCompressionStats20record_decompression
FNDA:0,_RNvMs4_NtCsfe3fH1fQhFR_12barks_common11compressionNtB5_24InternalCompressionStats5reset
FNDA:0,_RNvMs4_NtCsfe3fH1fQhFR_12barks_common11compressionNtB5_24InternalCompressionStats9get_stats
FNDA:0,_RNvMs5_NtCsfe3fH1fQhFR_12barks_common11compressionNtB5_14ZstdCompressor3new
FNDA:0,_RNvMs7_NtCsfe3fH1fQhFR_12barks_common11compressionNtB5_13Lz4Compressor3new
FNDA:0,_RNvMs9_NtCsfe3fH1fQhFR_12barks_common11compressionNtB5_16SnappyCompressor3new
FNDA:0,_RNvMs_NtCsfe3fH1fQhFR_12barks_common11compressionNtB4_16CompressionStats13space_savings
FNDA:0,_RNvMs_NtCsfe3fH1fQhFR_12barks_common11compressionNtB4_16CompressionStats17compression_ratio
FNDA:0,_RNvXs1_NtCsfe3fH1fQhFR_12barks_common11compressionNtB5_17CompressionConfigNtNtCs54tgE0qq4eT_4core7default7Default7default
FNDA:0,_RNvXs3_NtCsfe3fH1fQhFR_12barks_common11compressionNtB5_18CompressionBuilderNtNtCs54tgE0qq4eT_4core7default7Default7default
FNDA:0,_RNvXs6_NtCsfe3fH1fQhFR_12barks_common11compressionNtB5_14ZstdCompressorNtB5_10Compressor10decompress
FNDA:0,_RNvXs6_NtCsfe3fH1fQhFR_12barks_common11compressionNtB5_14ZstdCompressorNtB5_10Compressor11reset_stats
FNDA:0,_RNvXs6_NtCsfe3fH1fQhFR_12barks_common11compressionNtB5_14ZstdCompressorNtB5_10Compressor5stats
FNDA:0,_RNvXs6_NtCsfe3fH1fQhFR_12barks_common11compressionNtB5_14ZstdCompressorNtB5_10Compressor8compress
FNDA:0,_RNvXs6_NtCsfe3fH1fQhFR_12barks_common11compressionNtB5_14ZstdCompressorNtB5_10Compressor9algorithm
FNDA:0,_RNvXs8_NtCsfe3fH1fQhFR_12barks_common11compressionNtB5_13Lz4CompressorNtB5_10Compressor10decompress
FNDA:0,_RNvXs8_NtCsfe3fH1fQhFR_12barks_common11compressionNtB5_13Lz4CompressorNtB5_10Compressor11reset_stats
FNDA:0,_RNvXs8_NtCsfe3fH1fQhFR_12barks_common11compressionNtB5_13Lz4CompressorNtB5_10Compressor5stats
FNDA:0,_RNvXs8_NtCsfe3fH1fQhFR_12barks_common11compressionNtB5_13Lz4CompressorNtB5_10Compressor8compress
FNDA:0,_RNvXs8_NtCsfe3fH1fQhFR_12barks_common11compressionNtB5_13Lz4CompressorNtB5_10Compressor9algorithm
FNDA:0,_RNvXsa_NtCsfe3fH1fQhFR_12barks_common11compressionNtB5_16SnappyCompressorNtB5_10Compressor10decompress
FNDA:0,_RNvXsa_NtCsfe3fH1fQhFR_12barks_common11compressionNtB5_16SnappyCompressorNtB5_10Compressor11reset_stats
FNDA:0,_RNvXsa_NtCsfe3fH1fQhFR_12barks_common11compressionNtB5_16SnappyCompressorNtB5_10Compressor5stats
FNDA:0,_RNvXsa_NtCsfe3fH1fQhFR_12barks_common11compressionNtB5_16SnappyCompressorNtB5_10Compressor8compress
FNDA:0,_RNvXsa_NtCsfe3fH1fQhFR_12barks_common11compressionNtB5_16SnappyCompressorNtB5_10Compressor9algorithm
FNF:42
FNH:0
DA:25,0
DA:26,0
DA:27,0
DA:28,0
DA:29,0
DA:31,0
DA:34,0
DA:35,0
DA:36,0
DA:72,0
DA:73,0
DA:74,0
DA:76,0
DA:78,0
DA:81,0
DA:82,0
DA:83,0
DA:84,0
DA:86,0
DA:88,0
DA:104,0
DA:105,0
DA:106,0
DA:107,0
DA:108,0
DA:109,0
DA:110,0
DA:113,0
DA:114,0
DA:115,0
DA:116,0
DA:119,0
DA:120,0
DA:121,0
DA:122,0
DA:126,0
DA:127,0
DA:128,0
DA:138,0
DA:139,0
DA:140,0
DA:141,0
DA:142,0
DA:145,0
DA:146,0
DA:147,0
DA:148,0
DA:149,0
DA:152,0
DA:153,0
DA:154,0
DA:155,0
DA:158,0
DA:159,0
DA:160,0
DA:161,0
DA:164,0
DA:165,0
DA:167,0
DA:168,0
DA:171,0
DA:172,0
DA:175,0
DA:176,0
DA:179,0
DA:183,0
DA:184,0
DA:185,0
DA:199,0
DA:200,0
DA:201,0
DA:202,0
DA:203,0
DA:204,0
DA:205,0
DA:207,0
DA:208,0
DA:209,0
DA:210,0
DA:211,0
DA:213,0
DA:214,0
DA:215,0
DA:216,0
DA:217,0
DA:218,0
DA:219,0
DA:221,0
DA:222,0
DA:223,0
DA:224,0
DA:225,0
DA:226,0
DA:227,0
DA:228,0
DA:229,0
DA:240,0
DA:241,0
DA:242,0
DA:243,0
DA:244,0
DA:245,0
DA:246,0
DA:247,0
DA:248,0
DA:249,0
DA:250,0
DA:251,0
DA:253,0
DA:254,0
DA:256,0
DA:259,0
DA:260,0
DA:264,0
DA:265,0
DA:266,0
DA:267,0
DA:269,0
DA:270,0
DA:271,0
DA:273,0
DA:274,0
DA:276,0
DA:277,0
DA:278,0
DA:279,0
DA:281,0
DA:282,0
DA:283,0
DA:285,0
DA:286,0
DA:288,0
DA:289,0
DA:290,0
DA:292,0
DA:293,0
DA:294,0
DA:296,0
DA:298,0
DA:300,0
DA:301,0
DA:302,0
DA:303,0
DA:304,0
DA:314,0
DA:315,0
DA:316,0
DA:318,0
DA:321,0
DA:322,0
DA:326,0
DA:327,0
DA:329,0
DA:330,0
DA:331,0
DA:333,0
DA:334,0
DA:336,0
DA:337,0
DA:338,0
DA:339,0
DA:341,0
DA:342,0
DA:343,0
DA:345,0
DA:346,0
DA:348,0
DA:349,0
DA:350,0
DA:352,0
DA:353,0
DA:354,0
DA:356,0
DA:358,0
DA:360,0
DA:361,0
DA:362,0
DA:363,0
DA:364,0
DA:374,0
DA:375,0
DA:376,0
DA:378,0
DA:381,0
DA:382,0
DA:386,0
DA:387,0
DA:388,0
DA:389,0
DA:390,0
DA:391,0
DA:392,0
DA:394,0
DA:395,0
DA:396,0
DA:398,0
DA:399,0
DA:400,0
DA:402,0
DA:403,0
DA:405,0
DA:406,0
DA:407,0
DA:408,0
DA:409,0
DA:410,0
DA:411,0
DA:413,0
DA:414,0
DA:415,0
DA:417,0
DA:418,0
DA:420,0
DA:421,0
DA:422,0
DA:424,0
DA:425,0
DA:426,0
DA:428,0
DA:430,0
DA:432,0
DA:433,0
DA:434,0
DA:435,0
DA:436,0
BRF:0
BRH:0
LF:237
LH:0
end_of_record
SF:/home/lonless/rust-projects/barks/common/src/error.rs
FN:432,_RINvMNtCsfe3fH1fQhFR_12barks_common5errorNtB3_11CommonError7invalidNtNtCs48R0vjQGLEQ_5alloc6string6StringECsleJ6uViwJwk_10barks_core
FN:185,_RINvMNtCsfe3fH1fQhFR_12barks_common5errorNtB3_11CommonError13storage_errorNtNtCs48R0vjQGLEQ_5alloc6string6StringEB5_
FN:280,_RINvMNtCsfe3fH1fQhFR_12barks_common5errorNtB3_11CommonError17compression_errorNtNtCs48R0vjQGLEQ_5alloc6string6StringEB5_
FN:242,_RINvMNtCsfe3fH1fQhFR_12barks_common5errorNtB3_11CommonError19configuration_errorNtNtCs48R0vjQGLEQ_5alloc6string6StringEB5_
FN:299,_RINvMNtCsfe3fH1fQhFR_12barks_common5errorNtB3_11CommonError19decompression_errorNtNtCs48R0vjQGLEQ_5alloc6string6StringEB5_
FN:269,_RINvMNtCsfe3fH1fQhFR_12barks_common5errorNtB3_11CommonError20io_error_with_sourceReNtCs5MFb40H5G40_6anyhow5ErrorEB5_
FN:174,_RINvMNtCsfe3fH1fQhFR_12barks_common5errorNtB3_11CommonError23cache_error_with_sourceReNtCs5MFb40H5G40_6anyhow5ErrorEB5_
FN:326,_RINvMNtCsfe3fH1fQhFR_12barks_common5errorNtB3_11CommonError25network_error_with_sourceReNtCs5MFb40H5G40_6anyhow5ErrorEB5_
FN:193,_RINvMNtCsfe3fH1fQhFR_12barks_common5errorNtB3_11CommonError25storage_error_with_sourceReNtCs5MFb40H5G40_6anyhow5ErrorEB5_
FN:345,_RINvMNtCsfe3fH1fQhFR_12barks_common5errorNtB3_11CommonError25timeout_error_with_sourceReNtCs5MFb40H5G40_6anyhow5ErrorEB5_
FN:421,_RINvMNtCsfe3fH1fQhFR_12barks_common5errorNtB3_11CommonError26internal_error_with_sourceReNtCs5MFb40H5G40_6anyhow5ErrorEB5_
FN:364,_RINvMNtCsfe3fH1fQhFR_12barks_common5errorNtB3_11CommonError27not_found_error_with_sourceReNtCs5MFb40H5G40_6anyhow5ErrorEB5_
FN:383,_RINvMNtCsfe3fH1fQhFR_12barks_common5errorNtB3_11CommonError28permission_error_with_sourceReNtCs5MFb40H5G40_6anyhow5ErrorEB5_
FN:288,_RINvMNtCsfe3fH1fQhFR_12barks_common5errorNtB3_11CommonError29compression_error_with_sourceReNtCs5MFb40H5G40_6anyhow5ErrorEB5_
FN:250,_RINvMNtCsfe3fH1fQhFR_12barks_common5errorNtB3_11CommonError31configuration_error_with_sourceReNtCs5MFb40H5G40_6anyhow5ErrorEB5_
FN:307,_RINvMNtCsfe3fH1fQhFR_12barks_common5errorNtB3_11CommonError31decompression_error_with_sourceReNtCs5MFb40H5G40_6anyhow5ErrorEB5_
FN:212,_RINvMNtCsfe3fH1fQhFR_12barks_common5errorNtB3_11CommonError31serialization_error_with_sourceReNtCs5MFb40H5G40_6anyhow5ErrorEB5_
FN:231,_RINvMNtCsfe3fH1fQhFR_12barks_common5errorNtB3_11CommonError33deserialization_error_with_sourceReNtCs5MFb40H5G40_6anyhow5ErrorEB5_
FN:402,_RINvMNtCsfe3fH1fQhFR_12barks_common5errorNtB3_11CommonError36resource_exhausted_error_with_sourceReNtCs5MFb40H5G40_6anyhow5ErrorEB5_
FN:166,_RINvMNtCsfe3fH1fQhFR_12barks_common5errorNtB3_11CommonError11cache_errorpEB5_
FN:318,_RINvMNtCsfe3fH1fQhFR_12barks_common5errorNtB3_11CommonError13network_errorpEB5_
FN:337,_RINvMNtCsfe3fH1fQhFR_12barks_common5errorNtB3_11CommonError13timeout_errorpEB5_
FN:413,_RINvMNtCsfe3fH1fQhFR_12barks_common5errorNtB3_11CommonError14internal_errorpEB5_
FN:356,_RINvMNtCsfe3fH1fQhFR_12barks_common5errorNtB3_11CommonError15not_found_errorpEB5_
FN:375,_RINvMNtCsfe3fH1fQhFR_12barks_common5errorNtB3_11CommonError16permission_errorpEB5_
FN:204,_RINvMNtCsfe3fH1fQhFR_12barks_common5errorNtB3_11CommonError19serialization_errorpEB5_
FN:223,_RINvMNtCsfe3fH1fQhFR_12barks_common5errorNtB3_11CommonError21deserialization_errorpEB5_
FN:394,_RINvMNtCsfe3fH1fQhFR_12barks_common5errorNtB3_11CommonError24resource_exhausted_errorpEB5_
FN:432,_RINvMNtCsfe3fH1fQhFR_12barks_common5errorNtB3_11CommonError7invalidpEB5_
FN:261,_RINvMNtCsfe3fH1fQhFR_12barks_common5errorNtB3_11CommonError8io_errorpEB5_
FN:744,_RINvNtNtCsfe3fH1fQhFR_12barks_common5error10conversion18from_anyhow_resultpEB6_
FN:785,_RINvXININtNtCsfe3fH1fQhFR_12barks_common5error7context0ppEINtNtCs54tgE0qq4eT_4core6result6ResultppEINtB6_12ErrorContextpE12with_contextpEBa_
FN:815,_RINvXININtNtCsfe3fH1fQhFR_12barks_common5error7context0ppEINtNtCs54tgE0qq4eT_4core6result6ResultppEINtB6_12ErrorContextpE15with_io_contextpEBa_
FN:795,_RINvXININtNtCsfe3fH1fQhFR_12barks_common5error7context0ppEINtNtCs54tgE0qq4eT_4core6result6ResultppEINtB6_12ErrorContextpE18with_cache_contextpEBa_
FN:825,_RINvXININtNtCsfe3fH1fQhFR_12barks_common5error7context0ppEINtNtCs54tgE0qq4eT_4core6result6ResultppEINtB6_12ErrorContextpE20with_network_contextpEBa_
FN:805,_RINvXININtNtCsfe3fH1fQhFR_12barks_common5error7context0ppEINtNtCs54tgE0qq4eT_4core6result6ResultppEINtB6_12ErrorContextpE20with_storage_contextpEBa_
FN:789,_RNCINvXININtNtCsfe3fH1fQhFR_12barks_common5error7context0ppEINtNtCs54tgE0qq4eT_4core6result6ResultppEINtB8_12ErrorContextpE12with_contextpE0Bc_
FN:819,_RNCINvXININtNtCsfe3fH1fQhFR_12barks_common5error7context0ppEINtNtCs54tgE0qq4eT_4core6result6ResultppEINtB8_12ErrorContextpE15with_io_contextpE0Bc_
FN:799,_RNCINvXININtNtCsfe3fH1fQhFR_12barks_common5error7context0ppEINtNtCs54tgE0qq4eT_4core6result6ResultppEINtB8_12ErrorContextpE18with_cache_contextpE0Bc_
FN:829,_RNCINvXININtNtCsfe3fH1fQhFR_12barks_common5error7context0ppEINtNtCs54tgE0qq4eT_4core6result6ResultppEINtB8_12ErrorContextpE20with_network_contextpE0Bc_
FN:809,_RNCINvXININtNtCsfe3fH1fQhFR_12barks_common5error7context0ppEINtNtCs54tgE0qq4eT_4core6result6ResultppEINtB8_12ErrorContextpE20with_storage_contextpE0Bc_
FNDA:10,_RINvMNtCsfe3fH1fQhFR_12barks_common5errorNtB3_11CommonError7invalidNtNtCs48R0vjQGLEQ_5alloc6string6StringECsleJ6uViwJwk_10barks_core
FNDA:0,_RINvMNtCsfe3fH1fQhFR_12barks_common5errorNtB3_11CommonError13storage_errorNtNtCs48R0vjQGLEQ_5alloc6string6StringEB5_
FNDA:0,_RINvMNtCsfe3fH1fQhFR_12barks_common5errorNtB3_11CommonError17compression_errorNtNtCs48R0vjQGLEQ_5alloc6string6StringEB5_
FNDA:0,_RINvMNtCsfe3fH1fQhFR_12barks_common5errorNtB3_11CommonError19configuration_errorNtNtCs48R0vjQGLEQ_5alloc6string6StringEB5_
FNDA:0,_RINvMNtCsfe3fH1fQhFR_12barks_common5errorNtB3_11CommonError19decompression_errorNtNtCs48R0vjQGLEQ_5alloc6string6StringEB5_
FNDA:0,_RINvMNtCsfe3fH1fQhFR_12barks_common5errorNtB3_11CommonError20io_error_with_sourceReNtCs5MFb40H5G40_6anyhow5ErrorEB5_
FNDA:0,_RINvMNtCsfe3fH1fQhFR_12barks_common5errorNtB3_11CommonError23cache_error_with_sourceReNtCs5MFb40H5G40_6anyhow5ErrorEB5_
FNDA:0,_RINvMNtCsfe3fH1fQhFR_12barks_common5errorNtB3_11CommonError25network_error_with_sourceReNtCs5MFb40H5G40_6anyhow5ErrorEB5_
FNDA:0,_RINvMNtCsfe3fH1fQhFR_12barks_common5errorNtB3_11CommonError25storage_error_with_sourceReNtCs5MFb40H5G40_6anyhow5ErrorEB5_
FNDA:0,_RINvMNtCsfe3fH1fQhFR_12barks_common5errorNtB3_11CommonError25timeout_error_with_sourceReNtCs5MFb40H5G40_6anyhow5ErrorEB5_
FNDA:0,_RINvMNtCsfe3fH1fQhFR_12barks_common5errorNtB3_11CommonError26internal_error_with_sourceReNtCs5MFb40H5G40_6anyhow5ErrorEB5_
FNDA:0,_RINvMNtCsfe3fH1fQhFR_12barks_common5errorNtB3_11CommonError27not_found_error_with_sourceReNtCs5MFb40H5G40_6anyhow5ErrorEB5_
FNDA:0,_RINvMNtCsfe3fH1fQhFR_12barks_common5errorNtB3_11CommonError28permission_error_with_sourceReNtCs5MFb40H5G40_6anyhow5ErrorEB5_
FNDA:0,_RINvMNtCsfe3fH1fQhFR_12barks_common5errorNtB3_11CommonError29compression_error_with_sourceReNtCs5MFb40H5G40_6anyhow5ErrorEB5_
FNDA:0,_RINvMNtCsfe3fH1fQhFR_12barks_common5errorNtB3_11CommonError31configuration_error_with_sourceReNtCs5MFb40H5G40_6anyhow5ErrorEB5_
FNDA:0,_RINvMNtCsfe3fH1fQhFR_12barks_common5errorNtB3_11CommonError31decompression_error_with_sourceReNtCs5MFb40H5G40_6anyhow5ErrorEB5_
FNDA:0,_RINvMNtCsfe3fH1fQhFR_12barks_common5errorNtB3_11CommonError31serialization_error_with_sourceReNtCs5MFb40H5G40_6anyhow5ErrorEB5_
FNDA:0,_RINvMNtCsfe3fH1fQhFR_12barks_common5errorNtB3_11CommonError33deserialization_error_with_sourceReNtCs5MFb40H5G40_6anyhow5ErrorEB5_
FNDA:0,_RINvMNtCsfe3fH1fQhFR_12barks_common5errorNtB3_11CommonError36resource_exhausted_error_with_sourceReNtCs5MFb40H5G40_6anyhow5ErrorEB5_
FNDA:0,_RINvMNtCsfe3fH1fQhFR_12barks_common5errorNtB3_11CommonError11cache_errorpEB5_
FNDA:0,_RINvMNtCsfe3fH1fQhFR_12barks_common5errorNtB3_11CommonError13network_errorpEB5_
FNDA:0,_RINvMNtCsfe3fH1fQhFR_12barks_common5errorNtB3_11CommonError13timeout_errorpEB5_
FNDA:0,_RINvMNtCsfe3fH1fQhFR_12barks_common5errorNtB3_11CommonError14internal_errorpEB5_
FNDA:0,_RINvMNtCsfe3fH1fQhFR_12barks_common5errorNtB3_11CommonError15not_found_errorpEB5_
FNDA:0,_RINvMNtCsfe3fH1fQhFR_12barks_common5errorNtB3_11CommonError16permission_errorpEB5_
FNDA:0,_RINvMNtCsfe3fH1fQhFR_12barks_common5errorNtB3_11CommonError19serialization_errorpEB5_
FNDA:0,_RINvMNtCsfe3fH1fQhFR_12barks_common5errorNtB3_11CommonError21deserialization_errorpEB5_
FNDA:0,_RINvMNtCsfe3fH1fQhFR_12barks_common5errorNtB3_11CommonError24resource_exhausted_errorpEB5_
FNDA:0,_RINvMNtCsfe3fH1fQhFR_12barks_common5errorNtB3_11CommonError7invalidpEB5_
FNDA:0,_RINvMNtCsfe3fH1fQhFR_12barks_common5errorNtB3_11CommonError8io_errorpEB5_
FNDA:0,_RINvNtNtCsfe3fH1fQhFR_12barks_common5error10conversion18from_anyhow_resultpEB6_
FNDA:0,_RINvXININtNtCsfe3fH1fQhFR_12barks_common5error7context0ppEINtNtCs54tgE0qq4eT_4core6result6ResultppEINtB6_12ErrorContextpE12with_contextpEBa_
FNDA:0,_RINvXININtNtCsfe3fH1fQhFR_12barks_common5error7context0ppEINtNtCs54tgE0qq4eT_4core6result6ResultppEINtB6_12ErrorContextpE15with_io_contextpEBa_
FNDA:0,_RINvXININtNtCsfe3fH1fQhFR_12barks_common5error7context0ppEINtNtCs54tgE0qq4eT_4core6result6ResultppEINtB6_12ErrorContextpE18with_cache_contextpEBa_
FNDA:0,_RINvXININtNtCsfe3fH1fQhFR_12barks_common5error7context0ppEINtNtCs54tgE0qq4eT_4core6result6ResultppEINtB6_12ErrorContextpE20with_network_contextpEBa_
FNDA:0,_RINvXININtNtCsfe3fH1fQhFR_12barks_common5error7context0ppEINtNtCs54tgE0qq4eT_4core6result6ResultppEINtB6_12ErrorContextpE20with_storage_contextpEBa_
FNDA:0,_RNCINvXININtNtCsfe3fH1fQhFR_12barks_common5error7context0ppEINtNtCs54tgE0qq4eT_4core6result6ResultppEINtB8_12ErrorContextpE12with_contextpE0Bc_
FNDA:0,_RNCINvXININtNtCsfe3fH1fQhFR_12barks_common5error7context0ppEINtNtCs54tgE0qq4eT_4core6result6ResultppEINtB8_12ErrorContextpE15with_io_contextpE0Bc_
FNDA:0,_RNCINvXININtNtCsfe3fH1fQhFR_12barks_common5error7context0ppEINtNtCs54tgE0qq4eT_4core6result6ResultppEINtB8_12ErrorContextpE18with_cache_contextpE0Bc_
FNDA:0,_RNCINvXININtNtCsfe3fH1fQhFR_12barks_common5error7context0ppEINtNtCs54tgE0qq4eT_4core6result6ResultppEINtB8_12ErrorContextpE20with_network_contextpE0Bc_
FNDA:0,_RNCINvXININtNtCsfe3fH1fQhFR_12barks_common5error7context0ppEINtNtCs54tgE0qq4eT_4core6result6ResultppEINtB8_12ErrorContextpE20with_storage_contextpE0Bc_
FNF:40
FNH:1
DA:166,0
DA:167,0
DA:168,0
DA:169,0
DA:170,0
DA:171,0
DA:174,0
DA:175,0
DA:176,0
DA:177,0
DA:178,0
DA:179,0
DA:180,0
DA:181,0
DA:182,0
DA:185,0
DA:186,0
DA:187,0
DA:188,0
DA:189,0
DA:190,0
DA:193,0
DA:194,0
DA:195,0
DA:196,0
DA:197,0
DA:198,0
DA:199,0
DA:200,0
DA:201,0
DA:204,0
DA:205,0
DA:206,0
DA:207,0
DA:208,0
DA:209,0
DA:212,0
DA:213,0
DA:214,0
DA:215,0
DA:216,0
DA:217,0
DA:218,0
DA:219,0
DA:220,0
DA:223,0
DA:224,0
DA:225,0
DA:226,0
DA:227,0
DA:228,0
DA:231,0
DA:232,0
DA:233,0
DA:234,0
DA:235,0
DA:236,0
DA:237,0
DA:238,0
DA:239,0
DA:242,0
DA:243,0
DA:244,0
DA:245,0
DA:246,0
DA:247,0
DA:250,0
DA:251,0
DA:252,0
DA:253,0
DA:254,0
DA:255,0
DA:256,0
DA:257,0
DA:258,0
DA:261,0
DA:262,0
DA:263,0
DA:264,0
DA:265,0
DA:266,0
DA:269,0
DA:270,0
DA:271,0
DA:272,0
DA:273,0
DA:274,0
DA:275,0
DA:276,0
DA:277,0
DA:280,0
DA:281,0
DA:282,0
DA:283,0
DA:284,0
DA:285,0
DA:288,0
DA:289,0
DA:290,0
DA:291,0
DA:292,0
DA:293,0
DA:294,0
DA:295,0
DA:296,0
DA:299,0
DA:300,0
DA:301,0
DA:302,0
DA:303,0
DA:304,0
DA:307,0
DA:308,0
DA:309,0
DA:310,0
DA:311,0
DA:312,0
DA:313,0
DA:314,0
DA:315,0
DA:318,0
DA:319,0
DA:320,0
DA:321,0
DA:322,0
DA:323,0
DA:326,0
DA:327,0
DA:328,0
DA:329,0
DA:330,0
DA:331,0
DA:332,0
DA:333,0
DA:334,0
DA:337,0
DA:338,0
DA:339,0
DA:340,0
DA:341,0
DA:342,0
DA:345,0
DA:346,0
DA:347,0
DA:348,0
DA:349,0
DA:350,0
DA:351,0
DA:352,0
DA:353,0
DA:356,0
DA:357,0
DA:358,0
DA:359,0
DA:360,0
DA:361,0
DA:364,0
DA:365,0
DA:366,0
DA:367,0
DA:368,0
DA:369,0
DA:370,0
DA:371,0
DA:372,0
DA:375,0
DA:376,0
DA:377,0
DA:378,0
DA:379,0
DA:380,0
DA:383,0
DA:384,0
DA:385,0
DA:386,0
DA:387,0
DA:388,0
DA:389,0
DA:390,0
DA:391,0
DA:394,0
DA:395,0
DA:396,0
DA:397,0
DA:398,0
DA:399,0
DA:402,0
DA:403,0
DA:404,0
DA:405,0
DA:406,0
DA:407,0
DA:408,0
DA:409,0
DA:410,0
DA:413,0
DA:414,0
DA:415,0
DA:416,0
DA:417,0
DA:418,0
DA:421,0
DA:422,0
DA:423,0
DA:424,0
DA:425,0
DA:426,0
DA:427,0
DA:428,0
DA:429,0
DA:432,10
DA:433,10
DA:434,10
DA:435,10
DA:436,10
DA:437,10
DA:744,0
DA:745,0
DA:746,0
DA:785,0
DA:786,0
DA:787,0
DA:788,0
DA:789,0
DA:790,0
DA:791,0
DA:792,0
DA:793,0
DA:795,0
DA:796,0
DA:797,0
DA:798,0
DA:799,0
DA:800,0
DA:801,0
DA:802,0
DA:803,0
DA:805,0
DA:806,0
DA:807,0
DA:808,0
DA:809,0
DA:810,0
DA:811,0
DA:812,0
DA:813,0
DA:815,0
DA:816,0
DA:817,0
DA:818,0
DA:819,0
DA:820,0
DA:821,0
DA:822,0
DA:823,0
DA:825,0
DA:826,0
DA:827,0
DA:828,0
DA:829,0
DA:830,0
DA:831,0
DA:832,0
DA:833,0
BRF:0
BRH:0
LF:274
LH:6
end_of_record
SF:/home/lonless/rust-projects/barks/common/src/storage.rs
FN:294,_RINvMs3_NtCsfe3fH1fQhFR_12barks_common7storageNtB6_14RocksDbStorage16execute_blockingNCNCNvXse_B6_BI_NtB6_7Storage11batch_write00uEB8_
FN:294,_RINvMs3_NtCsfe3fH1fQhFR_12barks_common7storageNtB6_14RocksDbStorage16execute_blockingNCNCNvXse_B6_BI_NtB6_7Storage11scan_prefix00INtNtCs48R0vjQGLEQ_5alloc3vec3VecTIB24_hEB2B_EEEB8_
FN:294,_RINvMs3_NtCsfe3fH1fQhFR_12barks_common7storageNtB6_14RocksDbStorage16execute_blockingNCNCNvXse_B6_BI_NtB6_7Storage12contains_key00bEB8_
FN:294,_RINvMs3_NtCsfe3fH1fQhFR_12barks_common7storageNtB6_14RocksDbStorage16execute_blockingNCNCNvXse_B6_BI_NtB6_7Storage16keys_with_prefix00INtNtCs48R0vjQGLEQ_5alloc3vec3VecIB29_hEEEB8_
FN:294,_RINvMs3_NtCsfe3fH1fQhFR_12barks_common7storageNtB6_14RocksDbStorage16execute_blockingNCNCNvXse_B6_BI_NtB6_7Storage3get00INtNtCs54tgE0qq4eT_4core6option6OptionINtNtCs48R0vjQGLEQ_5alloc3vec3VechEEEB8_
FN:294,_RINvMs3_NtCsfe3fH1fQhFR_12barks_common7storageNtB6_14RocksDbStorage16execute_blockingNCNCNvXse_B6_BI_NtB6_7Storage3put00uEB8_
FN:294,_RINvMs3_NtCsfe3fH1fQhFR_12barks_common7storageNtB6_14RocksDbStorage16execute_blockingNCNCNvXse_B6_BI_NtB6_7Storage5flush00uEB8_
FN:294,_RINvMs3_NtCsfe3fH1fQhFR_12barks_common7storageNtB6_14RocksDbStorage16execute_blockingNCNCNvXse_B6_BI_NtB6_7Storage5stats00TyyEEB8_
FN:294,_RINvMs3_NtCsfe3fH1fQhFR_12barks_common7storageNtB6_14RocksDbStorage16execute_blockingNCNCNvXse_B6_BI_NtB6_7Storage6delete00uEB8_
FN:294,_RINvMs3_NtCsfe3fH1fQhFR_12barks_common7storageNtB6_14RocksDbStorage16execute_blockingNCNCNvXse_B6_BI_NtB6_7Storage7compact00uEB8_
FN:298,_RNCINvMs3_NtCsfe3fH1fQhFR_12barks_common7storageNtB8_14RocksDbStorage16execute_blockingNCNCNvXse_B8_BK_NtB8_7Storage11batch_write00uE0Ba_
FN:298,_RNCINvMs3_NtCsfe3fH1fQhFR_12barks_common7storageNtB8_14RocksDbStorage16execute_blockingNCNCNvXse_B8_BK_NtB8_7Storage11scan_prefix00INtNtCs48R0vjQGLEQ_5alloc3vec3VecTIB26_hEB2D_EEE0Ba_
FN:298,_RNCINvMs3_NtCsfe3fH1fQhFR_12barks_common7storageNtB8_14RocksDbStorage16execute_blockingNCNCNvXse_B8_BK_NtB8_7Storage12contains_key00bE0Ba_
FN:298,_RNCINvMs3_NtCsfe3fH1fQhFR_12barks_common7storageNtB8_14RocksDbStorage16execute_blockingNCNCNvXse_B8_BK_NtB8_7Storage16keys_with_prefix00INtNtCs48R0vjQGLEQ_5alloc3vec3VecIB2b_hEEE0Ba_
FN:298,_RNCINvMs3_NtCsfe3fH1fQhFR_12barks_common7storageNtB8_14RocksDbStorage16execute_blockingNCNCNvXse_B8_BK_NtB8_7Storage3get00INtNtCs54tgE0qq4eT_4core6option6OptionINtNtCs48R0vjQGLEQ_5alloc3vec3VechEEE0Ba_
FN:298,_RNCINvMs3_NtCsfe3fH1fQhFR_12barks_common7storageNtB8_14RocksDbStorage16execute_blockingNCNCNvXse_B8_BK_NtB8_7Storage3put00uE0Ba_
FN:298,_RNCINvMs3_NtCsfe3fH1fQhFR_12barks_common7storageNtB8_14RocksDbStorage16execute_blockingNCNCNvXse_B8_BK_NtB8_7Storage5flush00uE0Ba_
FN:298,_RNCINvMs3_NtCsfe3fH1fQhFR_12barks_common7storageNtB8_14RocksDbStorage16execute_blockingNCNCNvXse_B8_BK_NtB8_7Storage5stats00TyyEE0Ba_
FN:298,_RNCINvMs3_NtCsfe3fH1fQhFR_12barks_common7storageNtB8_14RocksDbStorage16execute_blockingNCNCNvXse_B8_BK_NtB8_7Storage6delete00uE0Ba_
FN:298,_RNCINvMs3_NtCsfe3fH1fQhFR_12barks_common7storageNtB8_14RocksDbStorage16execute_blockingNCNCNvXse_B8_BK_NtB8_7Storage7compact00uE0Ba_
FN:300,_RNCNCINvMs3_NtCsfe3fH1fQhFR_12barks_common7storageNtBa_14RocksDbStorage16execute_blockingNCNCNvXse_Ba_BM_NtBa_7Storage11batch_write00uE00Bc_
FN:303,_RNCNCINvMs3_NtCsfe3fH1fQhFR_12barks_common7storageNtBa_14RocksDbStorage16execute_blockingNCNCNvXse_Ba_BM_NtBa_7Storage11batch_write00uE0s0_0Bc_
FN:302,_RNCNCINvMs3_NtCsfe3fH1fQhFR_12barks_common7storageNtBa_14RocksDbStorage16execute_blockingNCNCNvXse_Ba_BM_NtBa_7Storage11batch_write00uE0s_0Bc_
FN:300,_RNCNCINvMs3_NtCsfe3fH1fQhFR_12barks_common7storageNtBa_14RocksDbStorage16execute_blockingNCNCNvXse_Ba_BM_NtBa_7Storage11scan_prefix00INtNtCs48R0vjQGLEQ_5alloc3vec3VecTIB28_hEB2F_EEE00Bc_
FN:303,_RNCNCINvMs3_NtCsfe3fH1fQhFR_12barks_common7storageNtBa_14RocksDbStorage16execute_blockingNCNCNvXse_Ba_BM_NtBa_7Storage11scan_prefix00INtNtCs48R0vjQGLEQ_5alloc3vec3VecTIB28_hEB2F_EEE0s0_0Bc_
FN:302,_RNCNCINvMs3_NtCsfe3fH1fQhFR_12barks_common7storageNtBa_14RocksDbStorage16execute_blockingNCNCNvXse_Ba_BM_NtBa_7Storage11scan_prefix00INtNtCs48R0vjQGLEQ_5alloc3vec3VecTIB28_hEB2F_EEE0s_0Bc_
FN:300,_RNCNCINvMs3_NtCsfe3fH1fQhFR_12barks_common7storageNtBa_14RocksDbStorage16execute_blockingNCNCNvXse_Ba_BM_NtBa_7Storage12contains_key00bE00Bc_
FN:303,_RNCNCINvMs3_NtCsfe3fH1fQhFR_12barks_common7storageNtBa_14RocksDbStorage16execute_blockingNCNCNvXse_Ba_BM_NtBa_7Storage12contains_key00bE0s0_0Bc_
FN:302,_RNCNCINvMs3_NtCsfe3fH1fQhFR_12barks_common7storageNtBa_14RocksDbStorage16execute_blockingNCNCNvXse_Ba_BM_NtBa_7Storage12contains_key00bE0s_0Bc_
FN:300,_RNCNCINvMs3_NtCsfe3fH1fQhFR_12barks_common7storageNtBa_14RocksDbStorage16execute_blockingNCNCNvXse_Ba_BM_NtBa_7Storage16keys_with_prefix00INtNtCs48R0vjQGLEQ_5alloc3vec3VecIB2d_hEEE00Bc_
FN:303,_RNCNCINvMs3_NtCsfe3fH1fQhFR_12barks_common7storageNtBa_14RocksDbStorage16execute_blockingNCNCNvXse_Ba_BM_NtBa_7Storage16keys_with_prefix00INtNtCs48R0vjQGLEQ_5alloc3vec3VecIB2d_hEEE0s0_0Bc_
FN:302,_RNCNCINvMs3_NtCsfe3fH1fQhFR_12barks_common7storageNtBa_14RocksDbStorage16execute_blockingNCNCNvXse_Ba_BM_NtBa_7Storage16keys_with_prefix00INtNtCs48R0vjQGLEQ_5alloc3vec3VecIB2d_hEEE0s_0Bc_
FN:300,_RNCNCINvMs3_NtCsfe3fH1fQhFR_12barks_common7storageNtBa_14RocksDbStorage16execute_blockingNCNCNvXse_Ba_BM_NtBa_7Storage3get00INtNtCs54tgE0qq4eT_4core6option6OptionINtNtCs48R0vjQGLEQ_5alloc3vec3VechEEE00Bc_
FN:303,_RNCNCINvMs3_NtCsfe3fH1fQhFR_12barks_common7storageNtBa_14RocksDbStorage16execute_blockingNCNCNvXse_Ba_BM_NtBa_7Storage3get00INtNtCs54tgE0qq4eT_4core6option6OptionINtNtCs48R0vjQGLEQ_5alloc3vec3VechEEE0s0_0Bc_
FN:302,_RNCNCINvMs3_NtCsfe3fH1fQhFR_12barks_common7storageNtBa_14RocksDbStorage16execute_blockingNCNCNvXse_Ba_BM_NtBa_7Storage3get00INtNtCs54tgE0qq4eT_4core6option6OptionINtNtCs48R0vjQGLEQ_5alloc3vec3VechEEE0s_0Bc_
FN:300,_RNCNCINvMs3_NtCsfe3fH1fQhFR_12barks_common7storageNtBa_14RocksDbStorage16execute_blockingNCNCNvXse_Ba_BM_NtBa_7Storage3put00uE00Bc_
FN:303,_RNCNCINvMs3_NtCsfe3fH1fQhFR_12barks_common7storageNtBa_14RocksDbStorage16execute_blockingNCNCNvXse_Ba_BM_NtBa_7Storage3put00uE0s0_0Bc_
FN:302,_RNCNCINvMs3_NtCsfe3fH1fQhFR_12barks_common7storageNtBa_14RocksDbStorage16execute_blockingNCNCNvXse_Ba_BM_NtBa_7Storage3put00uE0s_0Bc_
FN:300,_RNCNCINvMs3_NtCsfe3fH1fQhFR_12barks_common7storageNtBa_14RocksDbStorage16execute_blockingNCNCNvXse_Ba_BM_NtBa_7Storage5flush00uE00Bc_
FN:303,_RNCNCINvMs3_NtCsfe3fH1fQhFR_12barks_common7storageNtBa_14RocksDbStorage16execute_blockingNCNCNvXse_Ba_BM_NtBa_7Storage5flush00uE0s0_0Bc_
FN:302,_RNCNCINvMs3_NtCsfe3fH1fQhFR_12barks_common7storageNtBa_14RocksDbStorage16execute_blockingNCNCNvXse_Ba_BM_NtBa_7Storage5flush00uE0s_0Bc_
FN:300,_RNCNCINvMs3_NtCsfe3fH1fQhFR_12barks_common7storageNtBa_14RocksDbStorage16execute_blockingNCNCNvXse_Ba_BM_NtBa_7Storage5stats00TyyEE00Bc_
FN:303,_RNCNCINvMs3_NtCsfe3fH1fQhFR_12barks_common7storageNtBa_14RocksDbStorage16execute_blockingNCNCNvXse_Ba_BM_NtBa_7Storage5stats00TyyEE0s0_0Bc_
FN:302,_RNCNCINvMs3_NtCsfe3fH1fQhFR_12barks_common7storageNtBa_14RocksDbStorage16execute_blockingNCNCNvXse_Ba_BM_NtBa_7Storage5stats00TyyEE0s_0Bc_
FN:300,_RNCNCINvMs3_NtCsfe3fH1fQhFR_12barks_common7storageNtBa_14RocksDbStorage16execute_blockingNCNCNvXse_Ba_BM_NtBa_7Storage6delete00uE00Bc_
FN:303,_RNCNCINvMs3_NtCsfe3fH1fQhFR_12barks_common7storageNtBa_14RocksDbStorage16execute_blockingNCNCNvXse_Ba_BM_NtBa_7Storage6delete00uE0s0_0Bc_
FN:302,_RNCNCINvMs3_NtCsfe3fH1fQhFR_12barks_common7storageNtBa_14RocksDbStorage16execute_blockingNCNCNvXse_Ba_BM_NtBa_7Storage6delete00uE0s_0Bc_
FN:300,_RNCNCINvMs3_NtCsfe3fH1fQhFR_12barks_common7storageNtBa_14RocksDbStorage16execute_blockingNCNCNvXse_Ba_BM_NtBa_7Storage7compact00uE00Bc_
FN:303,_RNCNCINvMs3_NtCsfe3fH1fQhFR_12barks_common7storageNtBa_14RocksDbStorage16execute_blockingNCNCNvXse_Ba_BM_NtBa_7Storage7compact00uE0s0_0Bc_
FN:302,_RNCNCINvMs3_NtCsfe3fH1fQhFR_12barks_common7storageNtBa_14RocksDbStorage16execute_blockingNCNCNvXse_Ba_BM_NtBa_7Storage7compact00uE0s_0Bc_
FN:374,_RNCNCNCNvXse_NtCsfe3fH1fQhFR_12barks_common7storageNtBb_14RocksDbStorageNtBb_7Storage12contains_key000Bd_
FN:534,_RNCNCNCNvXse_NtCsfe3fH1fQhFR_12barks_common7storageNtBb_14RocksDbStorageNtBb_7Storage5stats000Bd_
FN:540,_RNCNCNCNvXse_NtCsfe3fH1fQhFR_12barks_common7storageNtBb_14RocksDbStorageNtBb_7Storage5stats00s_0Bd_
FN:464,_RNCNCNvXse_NtCsfe3fH1fQhFR_12barks_common7storageNtB9_14RocksDbStorageNtB9_7Storage11batch_write00Bb_
FN:430,_RNCNCNvXse_NtCsfe3fH1fQhFR_12barks_common7storageNtB9_14RocksDbStorageNtB9_7Storage11scan_prefix00Bb_
FN:374,_RNCNCNvXse_NtCsfe3fH1fQhFR_12barks_common7storageNtB9_14RocksDbStorageNtB9_7Storage12contains_key00Bb_
FN:394,_RNCNCNvXse_NtCsfe3fH1fQhFR_12barks_common7storageNtB9_14RocksDbStorageNtB9_7Storage16keys_with_prefix00Bb_
FN:313,_RNCNCNvXse_NtCsfe3fH1fQhFR_12barks_common7storageNtB9_14RocksDbStorageNtB9_7Storage3get00Bb_
FN:334,_RNCNCNvXse_NtCsfe3fH1fQhFR_12barks_common7storageNtB9_14RocksDbStorageNtB9_7Storage3put00Bb_
FN:494,_RNCNCNvXse_NtCsfe3fH1fQhFR_12barks_common7storageNtB9_14RocksDbStorageNtB9_7Storage5flush00Bb_
FN:530,_RNCNCNvXse_NtCsfe3fH1fQhFR_12barks_common7storageNtB9_14RocksDbStorageNtB9_7Storage5stats00Bb_
FN:354,_RNCNCNvXse_NtCsfe3fH1fQhFR_12barks_common7storageNtB9_14RocksDbStorageNtB9_7Storage6delete00Bb_
FN:512,_RNCNCNvXse_NtCsfe3fH1fQhFR_12barks_common7storageNtB9_14RocksDbStorageNtB9_7Storage7compact00Bb_
FN:462,_RNCNvXse_NtCsfe3fH1fQhFR_12barks_common7storageNtB7_14RocksDbStorageNtB7_7Storage11batch_write0B9_
FN:426,_RNCNvXse_NtCsfe3fH1fQhFR_12barks_common7storageNtB7_14RocksDbStorageNtB7_7Storage11scan_prefix0B9_
FN:370,_RNCNvXse_NtCsfe3fH1fQhFR_12barks_common7storageNtB7_14RocksDbStorageNtB7_7Storage12contains_key0B9_
FN:390,_RNCNvXse_NtCsfe3fH1fQhFR_12barks_common7storageNtB7_14RocksDbStorageNtB7_7Storage16keys_with_prefix0B9_
FN:309,_RNCNvXse_NtCsfe3fH1fQhFR_12barks_common7storageNtB7_14RocksDbStorageNtB7_7Storage3get0B9_
FN:329,_RNCNvXse_NtCsfe3fH1fQhFR_12barks_common7storageNtB7_14RocksDbStorageNtB7_7Storage3put0B9_
FN:551,_RNCNvXse_NtCsfe3fH1fQhFR_12barks_common7storageNtB7_14RocksDbStorageNtB7_7Storage5close0B9_
FN:492,_RNCNvXse_NtCsfe3fH1fQhFR_12barks_common7storageNtB7_14RocksDbStorageNtB7_7Storage5flush0B9_
FN:527,_RNCNvXse_NtCsfe3fH1fQhFR_12barks_common7storageNtB7_14RocksDbStorageNtB7_7Storage5stats0B9_
FN:350,_RNCNvXse_NtCsfe3fH1fQhFR_12barks_common7storageNtB7_14RocksDbStorageNtB7_7Storage6delete0B9_
FN:510,_RNCNvXse_NtCsfe3fH1fQhFR_12barks_common7storageNtB7_14RocksDbStorageNtB7_7Storage7compact0B9_
FN:88,_RNvMNtCsfe3fH1fQhFR_12barks_common7storageNtB2_12StorageStats10error_rate
FN:75,_RNvMNtCsfe3fH1fQhFR_12barks_common7storageNtB2_12StorageStats16read_write_ratio
FN:175,_RNvMs0_NtCsfe3fH1fQhFR_12barks_common7storageNtB5_14StorageBuilder11compression
FN:181,_RNvMs0_NtCsfe3fH1fQhFR_12barks_common7storageNtB5_14StorageBuilder11sync_writes
FN:157,_RNvMs0_NtCsfe3fH1fQhFR_12barks_common7storageNtB5_14StorageBuilder14max_open_files
FN:169,_RNvMs0_NtCsfe3fH1fQhFR_12barks_common7storageNtB5_14StorageBuilder16block_cache_size
FN:151,_RNvMs0_NtCsfe3fH1fQhFR_12barks_common7storageNtB5_14StorageBuilder17create_if_missing
FN:163,_RNvMs0_NtCsfe3fH1fQhFR_12barks_common7storageNtB5_14StorageBuilder17write_buffer_size
FN:138,_RNvMs0_NtCsfe3fH1fQhFR_12barks_common7storageNtB5_14StorageBuilder3new
FN:187,_RNvMs0_NtCsfe3fH1fQhFR_12barks_common7storageNtB5_14StorageBuilder5build
FN:210,_RNvMs2_NtCsfe3fH1fQhFR_12barks_common7storageNtB5_20InternalStorageStats11record_read
FN:222,_RNvMs2_NtCsfe3fH1fQhFR_12barks_common7storageNtB5_20InternalStorageStats12record_batch
FN:226,_RNvMs2_NtCsfe3fH1fQhFR_12barks_common7storageNtB5_20InternalStorageStats12record_error
FN:214,_RNvMs2_NtCsfe3fH1fQhFR_12barks_common7storageNtB5_20InternalStorageStats12record_write
FN:218,_RNvMs2_NtCsfe3fH1fQhFR_12barks_common7storageNtB5_20InternalStorageStats13record_delete
FN:230,_RNvMs2_NtCsfe3fH1fQhFR_12barks_common7storageNtB5_20InternalStorageStats9get_stats
FN:251,_RNvMs3_NtCsfe3fH1fQhFR_12barks_common7storageNtB5_14RocksDbStorage3new
FN:194,_RNvXs1_NtCsfe3fH1fQhFR_12barks_common7storageNtB5_14StorageBuilderNtNtCs54tgE0qq4eT_4core7default7Default7default
FN:118,_RNvXs_NtCsfe3fH1fQhFR_12barks_common7storageNtB4_13StorageConfigNtNtCs54tgE0qq4eT_4core7default7Default7default
FN:490,_RNvXse_NtCsfe3fH1fQhFR_12barks_common7storageNtB5_14RocksDbStorageNtB5_7Storage11batch_write
FN:460,_RNvXse_NtCsfe3fH1fQhFR_12barks_common7storageNtB5_14RocksDbStorageNtB5_7Storage11scan_prefix
FN:388,_RNvXse_NtCsfe3fH1fQhFR_12barks_common7storageNtB5_14RocksDbStorageNtB5_7Storage12contains_key
FN:424,_RNvXse_NtCsfe3fH1fQhFR_12barks_common7storageNtB5_14RocksDbStorageNtB5_7Storage16keys_with_prefix
FN:327,_RNvXse_NtCsfe3fH1fQhFR_12barks_common7storageNtB5_14RocksDbStorageNtB5_7Storage3get
FN:348,_RNvXse_NtCsfe3fH1fQhFR_12barks_common7storageNtB5_14RocksDbStorageNtB5_7Storage3put
FN:555,_RNvXse_NtCsfe3fH1fQhFR_12barks_common7storageNtB5_14RocksDbStorageNtB5_7Storage5close
FN:508,_RNvXse_NtCsfe3fH1fQhFR_12barks_common7storageNtB5_14RocksDbStorageNtB5_7Storage5flush
FN:549,_RNvXse_NtCsfe3fH1fQhFR_12barks_common7storageNtB5_14RocksDbStorageNtB5_7Storage5stats
FN:368,_RNvXse_NtCsfe3fH1fQhFR_12barks_common7storageNtB5_14RocksDbStorageNtB5_7Storage6delete
FN:525,_RNvXse_NtCsfe3fH1fQhFR_12barks_common7storageNtB5_14RocksDbStorageNtB5_7Storage7compact
FN:145,_RINvMs0_NtCsfe3fH1fQhFR_12barks_common7storageNtB6_14StorageBuilder4pathpEB8_
FN:281,_RNCNCNvMs3_NtCsfe3fH1fQhFR_12barks_common7storageNtB9_14RocksDbStorage3new00Bb_
FN:286,_RNCNCNvMs3_NtCsfe3fH1fQhFR_12barks_common7storageNtB9_14RocksDbStorage3new0s0_0Bb_
FN:283,_RNCNCNvMs3_NtCsfe3fH1fQhFR_12barks_common7storageNtB9_14RocksDbStorage3new0s_0Bb_
FN:187,_RNCNvMs0_NtCsfe3fH1fQhFR_12barks_common7storageNtB7_14StorageBuilder5build0B9_
FN:251,_RNCNvMs3_NtCsfe3fH1fQhFR_12barks_common7storageNtB7_14RocksDbStorage3new0B9_
FNDA:0,_RINvMs3_NtCsfe3fH1fQhFR_12barks_common7storageNtB6_14RocksDbStorage16execute_blockingNCNCNvXse_B6_BI_NtB6_7Storage11batch_write00uEB8_
FNDA:0,_RINvMs3_NtCsfe3fH1fQhFR_12barks_common7storageNtB6_14RocksDbStorage16execute_blockingNCNCNvXse_B6_BI_NtB6_7Storage11scan_prefix00INtNtCs48R0vjQGLEQ_5alloc3vec3VecTIB24_hEB2B_EEEB8_
FNDA:0,_RINvMs3_NtCsfe3fH1fQhFR_12barks_common7storageNtB6_14RocksDbStorage16execute_blockingNCNCNvXse_B6_BI_NtB6_7Storage12contains_key00bEB8_
FNDA:0,_RINvMs3_NtCsfe3fH1fQhFR_12barks_common7storageNtB6_14RocksDbStorage16execute_blockingNCNCNvXse_B6_BI_NtB6_7Storage16keys_with_prefix00INtNtCs48R0vjQGLEQ_5alloc3vec3VecIB29_hEEEB8_
FNDA:0,_RINvMs3_NtCsfe3fH1fQhFR_12barks_common7storageNtB6_14RocksDbStorage16execute_blockingNCNCNvXse_B6_BI_NtB6_7Storage3get00INtNtCs54tgE0qq4eT_4core6option6OptionINtNtCs48R0vjQGLEQ_5alloc3vec3VechEEEB8_
FNDA:0,_RINvMs3_NtCsfe3fH1fQhFR_12barks_common7storageNtB6_14RocksDbStorage16execute_blockingNCNCNvXse_B6_BI_NtB6_7Storage3put00uEB8_
FNDA:0,_RINvMs3_NtCsfe3fH1fQhFR_12barks_common7storageNtB6_14RocksDbStorage16execute_blockingNCNCNvXse_B6_BI_NtB6_7Storage5flush00uEB8_
FNDA:0,_RINvMs3_NtCsfe3fH1fQhFR_12barks_common7storageNtB6_14RocksDbStorage16execute_blockingNCNCNvXse_B6_BI_NtB6_7Storage5stats00TyyEEB8_
FNDA:0,_RINvMs3_NtCsfe3fH1fQhFR_12barks_common7storageNtB6_14RocksDbStorage16execute_blockingNCNCNvXse_B6_BI_NtB6_7Storage6delete00uEB8_
FNDA:0,_RINvMs3_NtCsfe3fH1fQhFR_12barks_common7storageNtB6_14RocksDbStorage16execute_blockingNCNCNvXse_B6_BI_NtB6_7Storage7compact00uEB8_
FNDA:0,_RNCINvMs3_NtCsfe3fH1fQhFR_12barks_common7storageNtB8_14RocksDbStorage16execute_blockingNCNCNvXse_B8_BK_NtB8_7Storage11batch_write00uE0Ba_
FNDA:0,_RNCINvMs3_NtCsfe3fH1fQhFR_12barks_common7storageNtB8_14RocksDbStorage16execute_blockingNCNCNvXse_B8_BK_NtB8_7Storage11scan_prefix00INtNtCs48R0vjQGLEQ_5alloc3vec3VecTIB26_hEB2D_EEE0Ba_
FNDA:0,_RNCINvMs3_NtCsfe3fH1fQhFR_12barks_common7storageNtB8_14RocksDbStorage16execute_blockingNCNCNvXse_B8_BK_NtB8_7Storage12contains_key00bE0Ba_
FNDA:0,_RNCINvMs3_NtCsfe3fH1fQhFR_12barks_common7storageNtB8_14RocksDbStorage16execute_blockingNCNCNvXse_B8_BK_NtB8_7Storage16keys_with_prefix00INtNtCs48R0vjQGLEQ_5alloc3vec3VecIB2b_hEEE0Ba_
FNDA:0,_RNCINvMs3_NtCsfe3fH1fQhFR_12barks_common7storageNtB8_14RocksDbStorage16execute_blockingNCNCNvXse_B8_BK_NtB8_7Storage3get00INtNtCs54tgE0qq4eT_4core6option6OptionINtNtCs48R0vjQGLEQ_5alloc3vec3VechEEE0Ba_
FNDA:0,_RNCINvMs3_NtCsfe3fH1fQhFR_12barks_common7storageNtB8_14RocksDbStorage16execute_blockingNCNCNvXse_B8_BK_NtB8_7Storage3put00uE0Ba_
FNDA:0,_RNCINvMs3_NtCsfe3fH1fQhFR_12barks_common7storageNtB8_14RocksDbStorage16execute_blockingNCNCNvXse_B8_BK_NtB8_7Storage5flush00uE0Ba_
FNDA:0,_RNCINvMs3_NtCsfe3fH1fQhFR_12barks_common7storageNtB8_14RocksDbStorage16execute_blockingNCNCNvXse_B8_BK_NtB8_7Storage5stats00TyyEE0Ba_
FNDA:0,_RNCINvMs3_NtCsfe3fH1fQhFR_12barks_common7storageNtB8_14RocksDbStorage16execute_blockingNCNCNvXse_B8_BK_NtB8_7Storage6delete00uE0Ba_
FNDA:0,_RNCINvMs3_NtCsfe3fH1fQhFR_12barks_common7storageNtB8_14RocksDbStorage16execute_blockingNCNCNvXse_B8_BK_NtB8_7Storage7compact00uE0Ba_
FNDA:0,_RNCNCINvMs3_NtCsfe3fH1fQhFR_12barks_common7storageNtBa_14RocksDbStorage16execute_blockingNCNCNvXse_Ba_BM_NtBa_7Storage11batch_write00uE00Bc_
FNDA:0,_RNCNCINvMs3_NtCsfe3fH1fQhFR_12barks_common7storageNtBa_14RocksDbStorage16execute_blockingNCNCNvXse_Ba_BM_NtBa_7Storage11batch_write00uE0s0_0Bc_
FNDA:0,_RNCNCINvMs3_NtCsfe3fH1fQhFR_12barks_common7storageNtBa_14RocksDbStorage16execute_blockingNCNCNvXse_Ba_BM_NtBa_7Storage11batch_write00uE0s_0Bc_
FNDA:0,_RNCNCINvMs3_NtCsfe3fH1fQhFR_12barks_common7storageNtBa_14RocksDbStorage16execute_blockingNCNCNvXse_Ba_BM_NtBa_7Storage11scan_prefix00INtNtCs48R0vjQGLEQ_5alloc3vec3VecTIB28_hEB2F_EEE00Bc_
FNDA:0,_RNCNCINvMs3_NtCsfe3fH1fQhFR_12barks_common7storageNtBa_14RocksDbStorage16execute_blockingNCNCNvXse_Ba_BM_NtBa_7Storage11scan_prefix00INtNtCs48R0vjQGLEQ_5alloc3vec3VecTIB28_hEB2F_EEE0s0_0Bc_
FNDA:0,_RNCNCINvMs3_NtCsfe3fH1fQhFR_12barks_common7storageNtBa_14RocksDbStorage16execute_blockingNCNCNvXse_Ba_BM_NtBa_7Storage11scan_prefix00INtNtCs48R0vjQGLEQ_5alloc3vec3VecTIB28_hEB2F_EEE0s_0Bc_
FNDA:0,_RNCNCINvMs3_NtCsfe3fH1fQhFR_12barks_common7storageNtBa_14RocksDbStorage16execute_blockingNCNCNvXse_Ba_BM_NtBa_7Storage12contains_key00bE00Bc_
FNDA:0,_RNCNCINvMs3_NtCsfe3fH1fQhFR_12barks_common7storageNtBa_14RocksDbStorage16execute_blockingNCNCNvXse_Ba_BM_NtBa_7Storage12contains_key00bE0s0_0Bc_
FNDA:0,_RNCNCINvMs3_NtCsfe3fH1fQhFR_12barks_common7storageNtBa_14RocksDbStorage16execute_blockingNCNCNvXse_Ba_BM_NtBa_7Storage12contains_key00bE0s_0Bc_
FNDA:0,_RNCNCINvMs3_NtCsfe3fH1fQhFR_12barks_common7storageNtBa_14RocksDbStorage16execute_blockingNCNCNvXse_Ba_BM_NtBa_7Storage16keys_with_prefix00INtNtCs48R0vjQGLEQ_5alloc3vec3VecIB2d_hEEE00Bc_
FNDA:0,_RNCNCINvMs3_NtCsfe3fH1fQhFR_12barks_common7storageNtBa_14RocksDbStorage16execute_blockingNCNCNvXse_Ba_BM_NtBa_7Storage16keys_with_prefix00INtNtCs48R0vjQGLEQ_5alloc3vec3VecIB2d_hEEE0s0_0Bc_
FNDA:0,_RNCNCINvMs3_NtCsfe3fH1fQhFR_12barks_common7storageNtBa_14RocksDbStorage16execute_blockingNCNCNvXse_Ba_BM_NtBa_7Storage16keys_with_prefix00INtNtCs48R0vjQGLEQ_5alloc3vec3VecIB2d_hEEE0s_0Bc_
FNDA:0,_RNCNCINvMs3_NtCsfe3fH1fQhFR_12barks_common7storageNtBa_14RocksDbStorage16execute_blockingNCNCNvXse_Ba_BM_NtBa_7Storage3get00INtNtCs54tgE0qq4eT_4core6option6OptionINtNtCs48R0vjQGLEQ_5alloc3vec3VechEEE00Bc_
FNDA:0,_RNCNCINvMs3_NtCsfe3fH1fQhFR_12barks_common7storageNtBa_14RocksDbStorage16execute_blockingNCNCNvXse_Ba_BM_NtBa_7Storage3get00INtNtCs54tgE0qq4eT_4core6option6OptionINtNtCs48R0vjQGLEQ_5alloc3vec3VechEEE0s0_0Bc_
FNDA:0,_RNCNCINvMs3_NtCsfe3fH1fQhFR_12barks_common7storageNtBa_14RocksDbStorage16execute_blockingNCNCNvXse_Ba_BM_NtBa_7Storage3get00INtNtCs54tgE0qq4eT_4core6option6OptionINtNtCs48R0vjQGLEQ_5alloc3vec3VechEEE0s_0Bc_
FNDA:0,_RNCNCINvMs3_NtCsfe3fH1fQhFR_12barks_common7storageNtBa_14RocksDbStorage16execute_blockingNCNCNvXse_Ba_BM_NtBa_7Storage3put00uE00Bc_
FNDA:0,_RNCNCINvMs3_NtCsfe3fH1fQhFR_12barks_common7storageNtBa_14RocksDbStorage16execute_blockingNCNCNvXse_Ba_BM_NtBa_7Storage3put00uE0s0_0Bc_
FNDA:0,_RNCNCINvMs3_NtCsfe3fH1fQhFR_12barks_common7storageNtBa_14RocksDbStorage16execute_blockingNCNCNvXse_Ba_BM_NtBa_7Storage3put00uE0s_0Bc_
FNDA:0,_RNCNCINvMs3_NtCsfe3fH1fQhFR_12barks_common7storageNtBa_14RocksDbStorage16execute_blockingNCNCNvXse_Ba_BM_NtBa_7Storage5flush00uE00Bc_
FNDA:0,_RNCNCINvMs3_NtCsfe3fH1fQhFR_12barks_common7storageNtBa_14RocksDbStorage16execute_blockingNCNCNvXse_Ba_BM_NtBa_7Storage5flush00uE0s0_0Bc_
FNDA:0,_RNCNCINvMs3_NtCsfe3fH1fQhFR_12barks_common7storageNtBa_14RocksDbStorage16execute_blockingNCNCNvXse_Ba_BM_NtBa_7Storage5flush00uE0s_0Bc_
FNDA:0,_RNCNCINvMs3_NtCsfe3fH1fQhFR_12barks_common7storageNtBa_14RocksDbStorage16execute_blockingNCNCNvXse_Ba_BM_NtBa_7Storage5stats00TyyEE00Bc_
FNDA:0,_RNCNCINvMs3_NtCsfe3fH1fQhFR_12barks_common7storageNtBa_14RocksDbStorage16execute_blockingNCNCNvXse_Ba_BM_NtBa_7Storage5stats00TyyEE0s0_0Bc_
FNDA:0,_RNCNCINvMs3_NtCsfe3fH1fQhFR_12barks_common7storageNtBa_14RocksDbStorage16execute_blockingNCNCNvXse_Ba_BM_NtBa_7Storage5stats00TyyEE0s_0Bc_
FNDA:0,_RNCNCINvMs3_NtCsfe3fH1fQhFR_12barks_common7storageNtBa_14RocksDbStorage16execute_blockingNCNCNvXse_Ba_BM_NtBa_7Storage6delete00uE00Bc_
FNDA:0,_RNCNCINvMs3_NtCsfe3fH1fQhFR_12barks_common7storageNtBa_14RocksDbStorage16execute_blockingNCNCNvXse_Ba_BM_NtBa_7Storage6delete00uE0s0_0Bc_
FNDA:0,_RNCNCINvMs3_NtCsfe3fH1fQhFR_12barks_common7storageNtBa_14RocksDbStorage16execute_blockingNCNCNvXse_Ba_BM_NtBa_7Storage6delete00uE0s_0Bc_
FNDA:0,_RNCNCINvMs3_NtCsfe3fH1fQhFR_12barks_common7storageNtBa_14RocksDbStorage16execute_blockingNCNCNvXse_Ba_BM_NtBa_7Storage7compact00uE00Bc_
FNDA:0,_RNCNCINvMs3_NtCsfe3fH1fQhFR_12barks_common7storageNtBa_14RocksDbStorage16execute_blockingNCNCNvXse_Ba_BM_NtBa_7Storage7compact00uE0s0_0Bc_
FNDA:0,_RNCNCINvMs3_NtCsfe3fH1fQhFR_12barks_common7storageNtBa_14RocksDbStorage16execute_blockingNCNCNvXse_Ba_BM_NtBa_7Storage7compact00uE0s_0Bc_
FNDA:0,_RNCNCNCNvXse_NtCsfe3fH1fQhFR_12barks_common7storageNtBb_14RocksDbStorageNtBb_7Storage12contains_key000Bd_
FNDA:0,_RNCNCNCNvXse_NtCsfe3fH1fQhFR_12barks_common7storageNtBb_14RocksDbStorageNtBb_7Storage5stats000Bd_
FNDA:0,_RNCNCNCNvXse_NtCsfe3fH1fQhFR_12barks_common7storageNtBb_14RocksDbStorageNtBb_7Storage5stats00s_0Bd_
FNDA:0,_RNCNCNvXse_NtCsfe3fH1fQhFR_12barks_common7storageNtB9_14RocksDbStorageNtB9_7Storage11batch_write00Bb_
FNDA:0,_RNCNCNvXse_NtCsfe3fH1fQhFR_12barks_common7storageNtB9_14RocksDbStorageNtB9_7Storage11scan_prefix00Bb_
FNDA:0,_RNCNCNvXse_NtCsfe3fH1fQhFR_12barks_common7storageNtB9_14RocksDbStorageNtB9_7Storage12contains_key00Bb_
FNDA:0,_RNCNCNvXse_NtCsfe3fH1fQhFR_12barks_common7storageNtB9_14RocksDbStorageNtB9_7Storage16keys_with_prefix00Bb_
FNDA:0,_RNCNCNvXse_NtCsfe3fH1fQhFR_12barks_common7storageNtB9_14RocksDbStorageNtB9_7Storage3get00Bb_
FNDA:0,_RNCNCNvXse_NtCsfe3fH1fQhFR_12barks_common7storageNtB9_14RocksDbStorageNtB9_7Storage3put00Bb_
FNDA:0,_RNCNCNvXse_NtCsfe3fH1fQhFR_12barks_common7storageNtB9_14RocksDbStorageNtB9_7Storage5flush00Bb_
FNDA:0,_RNCNCNvXse_NtCsfe3fH1fQhFR_12barks_common7storageNtB9_14RocksDbStorageNtB9_7Storage5stats00Bb_
FNDA:0,_RNCNCNvXse_NtCsfe3fH1fQhFR_12barks_common7storageNtB9_14RocksDbStorageNtB9_7Storage6delete00Bb_
FNDA:0,_RNCNCNvXse_NtCsfe3fH1fQhFR_12barks_common7storageNtB9_14RocksDbStorageNtB9_7Storage7compact00Bb_
FNDA:0,_RNCNvXse_NtCsfe3fH1fQhFR_12barks_common7storageNtB7_14RocksDbStorageNtB7_7Storage11batch_write0B9_
FNDA:0,_RNCNvXse_NtCsfe3fH1fQhFR_12barks_common7storageNtB7_14RocksDbStorageNtB7_7Storage11scan_prefix0B9_
FNDA:0,_RNCNvXse_NtCsfe3fH1fQhFR_12barks_common7storageNtB7_14RocksDbStorageNtB7_7Storage12contains_key0B9_
FNDA:0,_RNCNvXse_NtCsfe3fH1fQhFR_12barks_common7storageNtB7_14RocksDbStorageNtB7_7Storage16keys_with_prefix0B9_
FNDA:0,_RNCNvXse_NtCsfe3fH1fQhFR_12barks_common7storageNtB7_14RocksDbStorageNtB7_7Storage3get0B9_
FNDA:0,_RNCNvXse_NtCsfe3fH1fQhFR_12barks_common7storageNtB7_14RocksDbStorageNtB7_7Storage3put0B9_
FNDA:0,_RNCNvXse_NtCsfe3fH1fQhFR_12barks_common7storageNtB7_14RocksDbStorageNtB7_7Storage5close0B9_
FNDA:0,_RNCNvXse_NtCsfe3fH1fQhFR_12barks_common7storageNtB7_14RocksDbStorageNtB7_7Storage5flush0B9_
FNDA:0,_RNCNvXse_NtCsfe3fH1fQhFR_12barks_common7storageNtB7_14RocksDbStorageNtB7_7Storage5stats0B9_
FNDA:0,_RNCNvXse_NtCsfe3fH1fQhFR_12barks_common7storageNtB7_14RocksDbStorageNtB7_7Storage6delete0B9_
FNDA:0,_RNCNvXse_NtCsfe3fH1fQhFR_12barks_common7storageNtB7_14RocksDbStorageNtB7_7Storage7compact0B9_
FNDA:0,_RNvMNtCsfe3fH1fQhFR_12barks_common7storageNtB2_12StorageStats10error_rate
FNDA:0,_RNvMNtCsfe3fH1fQhFR_12barks_common7storageNtB2_12StorageStats16read_write_ratio
FNDA:0,_RNvMs0_NtCsfe3fH1fQhFR_12barks_common7storageNtB5_14StorageBuilder11compression
FNDA:0,_RNvMs0_NtCsfe3fH1fQhFR_12barks_common7storageNtB5_14StorageBuilder11sync_writes
FNDA:0,_RNvMs0_NtCsfe3fH1fQhFR_12barks_common7storageNtB5_14StorageBuilder14max_open_files
FNDA:0,_RNvMs0_NtCsfe3fH1fQhFR_12barks_common7storageNtB5_14StorageBuilder16block_cache_size
FNDA:0,_RNvMs0_NtCsfe3fH1fQhFR_12barks_common7storageNtB5_14StorageBuilder17create_if_missing
FNDA:0,_RNvMs0_NtCsfe3fH1fQhFR_12barks_common7storageNtB5_14StorageBuilder17write_buffer_size
FNDA:0,_RNvMs0_NtCsfe3fH1fQhFR_12barks_common7storageNtB5_14StorageBuilder3new
FNDA:0,_RNvMs0_NtCsfe3fH1fQhFR_12barks_common7storageNtB5_14StorageBuilder5build
FNDA:0,_RNvMs2_NtCsfe3fH1fQhFR_12barks_common7storageNtB5_20InternalStorageStats11record_read
FNDA:0,_RNvMs2_NtCsfe3fH1fQhFR_12barks_common7storageNtB5_20InternalStorageStats12record_batch
FNDA:0,_RNvMs2_NtCsfe3fH1fQhFR_12barks_common7storageNtB5_20InternalStorageStats12record_error
FNDA:0,_RNvMs2_NtCsfe3fH1fQhFR_12barks_common7storageNtB5_20InternalStorageStats12record_write
FNDA:0,_RNvMs2_NtCsfe3fH1fQhFR_12barks_common7storageNtB5_20InternalStorageStats13record_delete
FNDA:0,_RNvMs2_NtCsfe3fH1fQhFR_12barks_common7storageNtB5_20InternalStorageStats9get_stats
FNDA:0,_RNvMs3_NtCsfe3fH1fQhFR_12barks_common7storageNtB5_14RocksDbStorage3new
FNDA:0,_RNvXs1_NtCsfe3fH1fQhFR_12barks_common7storageNtB5_14StorageBuilderNtNtCs54tgE0qq4eT_4core7default7Default7default
FNDA:0,_RNvXs_NtCsfe3fH1fQhFR_12barks_common7storageNtB4_13StorageConfigNtNtCs54tgE0qq4eT_4core7default7Default7default
FNDA:0,_RNvXse_NtCsfe3fH1fQhFR_12barks_common7storageNtB5_14RocksDbStorageNtB5_7Storage11batch_write
FNDA:0,_RNvXse_NtCsfe3fH1fQhFR_12barks_common7storageNtB5_14RocksDbStorageNtB5_7Storage11scan_prefix
FNDA:0,_RNvXse_NtCsfe3fH1fQhFR_12barks_common7storageNtB5_14RocksDbStorageNtB5_7Storage12contains_key
FNDA:0,_RNvXse_NtCsfe3fH1fQhFR_12barks_common7storageNtB5_14RocksDbStorageNtB5_7Storage16keys_with_prefix
FNDA:0,_RNvXse_NtCsfe3fH1fQhFR_12barks_common7storageNtB5_14RocksDbStorageNtB5_7Storage3get
FNDA:0,_RNvXse_NtCsfe3fH1fQhFR_12barks_common7storageNtB5_14RocksDbStorageNtB5_7Storage3put
FNDA:0,_RNvXse_NtCsfe3fH1fQhFR_12barks_common7storageNtB5_14RocksDbStorageNtB5_7Storage5close
FNDA:0,_RNvXse_NtCsfe3fH1fQhFR_12barks_common7storageNtB5_14RocksDbStorageNtB5_7Storage5flush
FNDA:0,_RNvXse_NtCsfe3fH1fQhFR_12barks_common7storageNtB5_14RocksDbStorageNtB5_7Storage5stats
FNDA:0,_RNvXse_NtCsfe3fH1fQhFR_12barks_common7storageNtB5_14RocksDbStorageNtB5_7Storage6delete
FNDA:0,_RNvXse_NtCsfe3fH1fQhFR_12barks_common7storageNtB5_14RocksDbStorageNtB5_7Storage7compact
FNDA:0,_RINvMs0_NtCsfe3fH1fQhFR_12barks_common7storageNtB6_14StorageBuilder4pathpEB8_
FNDA:0,_RNCNCNvMs3_NtCsfe3fH1fQhFR_12barks_common7storageNtB9_14RocksDbStorage3new00Bb_
FNDA:0,_RNCNCNvMs3_NtCsfe3fH1fQhFR_12barks_common7storageNtB9_14RocksDbStorage3new0s0_0Bb_
FNDA:0,_RNCNCNvMs3_NtCsfe3fH1fQhFR_12barks_common7storageNtB9_14RocksDbStorage3new0s_0Bb_
FNDA:0,_RNCNvMs0_NtCsfe3fH1fQhFR_12barks_common7storageNtB7_14StorageBuilder5build0B9_
FNDA:0,_RNCNvMs3_NtCsfe3fH1fQhFR_12barks_common7storageNtB7_14RocksDbStorage3new0B9_
FNF:65
FNH:0
DA:75,0
DA:76,0
DA:77,0
DA:78,0
DA:80,0
DA:83,0
DA:85,0
DA:88,0
DA:89,0
DA:90,0
DA:91,0
DA:93,0
DA:95,0
DA:118,0
DA:119,0
DA:120,0
DA:121,0
DA:122,0
DA:123,0
DA:124,0
DA:125,0
DA:126,0
DA:127,0
DA:128,0
DA:138,0
DA:139,0
DA:140,0
DA:141,0
DA:142,0
DA:145,0
DA:146,0
DA:147,0
DA:148,0
DA:151,0
DA:152,0
DA:153,0
DA:154,0
DA:157,0
DA:158,0
DA:159,0
DA:160,0
DA:163,0
DA:164,0
DA:165,0
DA:166,0
DA:169,0
DA:170,0
DA:171,0
DA:172,0
DA:175,0
DA:176,0
DA:177,0
DA:178,0
DA:181,0
DA:182,0
DA:183,0
DA:184,0
DA:187,0
DA:188,0
DA:189,0
DA:190,0
DA:194,0
DA:195,0
DA:196,0
DA:210,0
DA:211,0
DA:212,0
DA:214,0
DA:215,0
DA:216,0
DA:218,0
DA:219,0
DA:220,0
DA:222,0
DA:223,0
DA:224,0
DA:226,0
DA:227,0
DA:228,0
DA:230,0
DA:231,0
DA:232,0
DA:233,0
DA:234,0
DA:235,0
DA:236,0
DA:237,0
DA:238,0
DA:239,0
DA:240,0
DA:251,0
DA:252,0
DA:253,0
DA:254,0
DA:255,0
DA:256,0
DA:258,0
DA:259,0
DA:260,0
DA:262,0
DA:263,0
DA:264,0
DA:266,0
DA:267,0
DA:268,0
DA:269,0
DA:270,0
DA:273,0
DA:274,0
DA:275,0
DA:276,0
DA:277,0
DA:278,0
DA:281,0
DA:282,0
DA:283,0
DA:284,0
DA:285,0
DA:286,0
DA:288,0
DA:289,0
DA:290,0
DA:291,0
DA:292,0
DA:294,0
DA:295,0
DA:296,0
DA:297,0
DA:298,0
DA:299,0
DA:300,0
DA:301,0
DA:302,0
DA:303,0
DA:304,0
DA:309,0
DA:310,0
DA:311,0
DA:312,0
DA:313,0
DA:314,0
DA:315,0
DA:317,0
DA:318,0
DA:319,0
DA:320,0
DA:322,0
DA:323,0
DA:324,0
DA:327,0
DA:329,0
DA:330,0
DA:331,0
DA:332,0
DA:333,0
DA:334,0
DA:335,0
DA:336,0
DA:338,0
DA:340,0
DA:341,0
DA:343,0
DA:344,0
DA:345,0
DA:348,0
DA:350,0
DA:351,0
DA:352,0
DA:353,0
DA:354,0
DA:355,0
DA:356,0
DA:358,0
DA:360,0
DA:361,0
DA:363,0
DA:364,0
DA:365,0
DA:368,0
DA:370,0
DA:371,0
DA:372,0
DA:373,0
DA:374,0
DA:375,0
DA:376,0
DA:378,0
DA:379,0
DA:380,0
DA:381,0
DA:383,0
DA:384,0
DA:385,0
DA:388,0
DA:390,0
DA:391,0
DA:392,0
DA:393,0
DA:394,0
DA:395,0
DA:396,0
DA:397,0
DA:398,0
DA:399,0
DA:400,0
DA:401,0
DA:402,0
DA:403,0
DA:406,0
DA:409,0
DA:410,0
DA:411,0
DA:412,0
DA:414,0
DA:415,0
DA:416,0
DA:417,0
DA:419,0
DA:420,0
DA:421,0
DA:424,0
DA:426,0
DA:427,0
DA:428,0
DA:429,0
DA:430,0
DA:431,0
DA:432,0
DA:433,0
DA:434,0
DA:435,0
DA:436,0
DA:437,0
DA:438,0
DA:439,0
DA:442,0
DA:445,0
DA:446,0
DA:447,0
DA:448,0
DA:450,0
DA:451,0
DA:452,0
DA:453,0
DA:455,0
DA:456,0
DA:457,0
DA:460,0
DA:462,0
DA:463,0
DA:464,0
DA:465,0
DA:466,0
DA:467,0
DA:468,0
DA:469,0
DA:470,0
DA:471,0
DA:472,0
DA:473,0
DA:476,0
DA:477,0
DA:478,0
DA:480,0
DA:482,0
DA:483,0
DA:485,0
DA:486,0
DA:487,0
DA:490,0
DA:492,0
DA:493,0
DA:494,0
DA:495,0
DA:496,0
DA:497,0
DA:498,0
DA:499,0
DA:501,0
DA:502,0
DA:503,0
DA:504,0
DA:505,0
DA:508,0
DA:510,0
DA:511,0
DA:512,0
DA:513,0
DA:514,0
DA:515,0
DA:516,0
DA:518,0
DA:519,0
DA:520,0
DA:521,0
DA:522,0
DA:525,0
DA:527,0
DA:529,0
DA:530,0
DA:531,0
DA:532,0
DA:533,0
DA:534,0
DA:535,0
DA:536,0
DA:537,0
DA:538,0
DA:539,0
DA:540,0
DA:541,0
DA:542,0
DA:543,0
DA:544,0
DA:545,0
DA:546,0
DA:547,0
DA:548,0
DA:549,0
DA:551,0
DA:554,0
DA:555,0
BRF:0
BRH:0
LF:362
LH:0
end_of_record
SF:/home/lonless/rust-projects/barks/core/src/expression.rs
FN:185,_RNCINvXNvNtCsleJ6uViwJwk_10barks_core10expressions1_1__NtB7_10ObjectNameNtNtCs1jtb3MfGbeA_5serde2de11Deserialize11deserializepE0B9_
FN:155,_RNCINvXNvNtCsleJ6uViwJwk_10barks_core10expressions_1__NtB7_10IdentifierNtNtCs1jtb3MfGbeA_5serde2de11Deserialize11deserializepE0B9_
FN:975,_RNvMsi_NtCsleJ6uViwJwk_10barks_core10expressionNtB5_14PySparkUdfType17is_table_function
FN:971,_RNvMsi_NtCsleJ6uViwJwk_10barks_core10expressionNtB5_14PySparkUdfType7invalid
FN:946,_RNvXs1E_NtCsleJ6uViwJwk_10barks_core10expressionNtB6_14PySparkUdfTypeINtNtCs54tgE0qq4eT_4core7convert7TryFromlE8try_fromB8_
FN:947,_RNvXs1G_NtCsleJ6uViwJwk_10barks_core10expressionlINtNtCs54tgE0qq4eT_4core7convert4FromNtB6_14PySparkUdfTypeE4fromB8_
FN:595,_RNvXs6_NtCsleJ6uViwJwk_10barks_core10expressionNtNtB5_12serializable4ExprINtNtCs54tgE0qq4eT_4core7convert4FromNtB5_4ExprE4fromB7_
FN:602,_RNvXs7_NtCsleJ6uViwJwk_10barks_core10expressionNtNtB5_12serializable4ExprINtNtCs54tgE0qq4eT_4core7convert4FromNtB5_8ExprKindE4fromB7_
FN:787,_RNvXs8_NtCsleJ6uViwJwk_10barks_core10expressionNtNtB5_12serializable18UnresolvedFunctionINtNtCs54tgE0qq4eT_4core7convert4FromNtB5_18UnresolvedFunctionE4fromB7_
FN:810,_RNvXs9_NtCsleJ6uViwJwk_10barks_core10expressionNtNtB5_12serializable9SortOrderINtNtCs54tgE0qq4eT_4core7convert4FromNtB5_9SortOrderE4fromB7_
FN:821,_RNvXsa_NtCsleJ6uViwJwk_10barks_core10expressionNtNtB5_12serializable15WildcardOptionsINtNtCs54tgE0qq4eT_4core7convert4FromNtB5_15WildcardOptionsE4fromB7_
FN:836,_RNvXsb_NtCsleJ6uViwJwk_10barks_core10expressionNtNtB5_12serializable21WildcardReplaceColumnINtNtCs54tgE0qq4eT_4core7convert4FromNtB5_21WildcardReplaceColumnE4fromB7_
FN:847,_RNvXsc_NtCsleJ6uViwJwk_10barks_core10expressionNtNtB5_12serializable6WindowINtNtCs54tgE0qq4eT_4core7convert4FromNtB5_6WindowE4fromB7_
FN:867,_RNvXsd_NtCsleJ6uViwJwk_10barks_core10expressionNtNtB5_12serializable11WindowFrameINtNtCs54tgE0qq4eT_4core7convert4FromNtB5_11WindowFrameE4fromB7_
FN:878,_RNvXse_NtCsleJ6uViwJwk_10barks_core10expressionNtNtB5_12serializable19WindowFrameBoundaryINtNtCs54tgE0qq4eT_4core7convert4FromNtB5_19WindowFrameBoundaryE4fromB7_
FN:904,_RNvXsf_NtCsleJ6uViwJwk_10barks_core10expressionNtNtB5_12serializable31CommonInlineUserDefinedFunctionINtNtCs54tgE0qq4eT_4core7convert4FromNtB5_31CommonInlineUserDefinedFunctionE4fromB7_
FN:919,_RNvXsg_NtCsleJ6uViwJwk_10barks_core10expressionNtNtB5_12serializable36CommonInlineUserDefinedTableFunctionINtNtCs54tgE0qq4eT_4core7convert4FromNtB5_36CommonInlineUserDefinedTableFunctionE4fromB7_
FN:1002,_RNvNtNtCsleJ6uViwJwk_10barks_core10expression5testss_18test_expr_creation
FN:1480,_RNvNtNtCsleJ6uViwJwk_10barks_core10expression5testss_20test_expr_conversion
FN:1063,_RNvNtNtCsleJ6uViwJwk_10barks_core10expression5testss_20test_expr_kinds_cast
FN:1407,_RNvNtNtCsleJ6uViwJwk_10barks_core10expression5testss_20test_window_variants
FN:1044,_RNvNtNtCsleJ6uViwJwk_10barks_core10expression5testss_21test_expr_kinds_alias
FN:1452,_RNvNtNtCsleJ6uViwJwk_10barks_core10expression5testss_21test_wildcard_options
FN:1149,_RNvNtNtCsleJ6uViwJwk_10barks_core10expression5testss_23test_expr_kinds_between
FN:1171,_RNvNtNtCsleJ6uViwJwk_10barks_core10expression5testss_23test_expr_kinds_in_list
FN:1012,_RNvNtNtCsleJ6uViwJwk_10barks_core10expression5testss_23test_expr_kinds_literal
FN:1309,_RNvNtNtCsleJ6uViwJwk_10barks_core10expression5testss_23test_null_ordering_enum
FN:1365,_RNvNtNtCsleJ6uViwJwk_10barks_core10expression5testss_23test_window_frame_types
FN:1669,_RNvNtNtCsleJ6uViwJwk_10barks_core10expression5testss_24test_expr_kinds_grouping
FN:1625,_RNvNtNtCsleJ6uViwJwk_10barks_core10expression5testss_24test_expr_kinds_subquery
FN:1221,_RNvNtNtCsleJ6uViwJwk_10barks_core10expression5testss_24test_expr_kinds_temporal
FN:1251,_RNvNtNtCsleJ6uViwJwk_10barks_core10expression5testss_24test_identifier_creation
FN:1292,_RNvNtNtCsleJ6uViwJwk_10barks_core10expression5testss_24test_sort_direction_enum
FN:1278,_RNvNtNtCsleJ6uViwJwk_10barks_core10expression5testss_24test_sort_order_creation
FN:1264,_RNvNtNtCsleJ6uViwJwk_10barks_core10expression5testss_25test_object_name_creation
FN:1193,_RNvNtNtCsleJ6uViwJwk_10barks_core10expression5testss_26test_expr_kinds_similar_to
FN:1495,_RNvNtNtCsleJ6uViwJwk_10barks_core10expression5testss_26test_sort_order_conversion
FN:1557,_RNvNtNtCsleJ6uViwJwk_10barks_core10expression5testss_28test_complex_expr_conversion
FN:1378,_RNvNtNtCsleJ6uViwJwk_10barks_core10expression5testss_28test_window_frame_boundaries
FN:1085,_RNvNtNtCsleJ6uViwJwk_10barks_core10expression5testss_32test_expr_kinds_unresolved_regex
FN:1539,_RNvNtNtCsleJ6uViwJwk_10barks_core10expression5testss_32test_wildcard_options_conversion
FN:1326,_RNvNtNtCsleJ6uViwJwk_10barks_core10expression5testss_33test_unresolved_function_creation
FN:1100,_RNvNtNtCsleJ6uViwJwk_10barks_core10expression5testss_34test_expr_kinds_boolean_operations
FN:1513,_RNvNtNtCsleJ6uViwJwk_10barks_core10expression5testss_35test_unresolved_function_conversion
FN:1023,_RNvNtNtCsleJ6uViwJwk_10barks_core10expression5testss_36test_expr_kinds_unresolved_attribute
FN:24,_RNvMNtCsleJ6uViwJwk_10barks_core10expressionNtB2_4Expr3new
FN:200,_RNvMs3_NtCsleJ6uViwJwk_10barks_core10expressionNtB5_10ObjectName5parts
FN:166,_RNvXs0_NtCsleJ6uViwJwk_10barks_core10expressionNtB5_10IdentifierINtNtCs54tgE0qq4eT_4core7convert4FromReE4from
FN:178,_RNvXs2_NtCsleJ6uViwJwk_10barks_core10expressionNtB5_10IdentifierINtNtCs54tgE0qq4eT_4core7convert5AsRefeE6as_ref
FN:160,_RNvXs_NtCsleJ6uViwJwk_10barks_core10expressionNtB4_10IdentifierINtNtCs54tgE0qq4eT_4core7convert4FromNtNtCs48R0vjQGLEQ_5alloc6string6StringE4from
FN:172,_RNvXs1_NtCsleJ6uViwJwk_10barks_core10expressionNtNtCs48R0vjQGLEQ_5alloc6string6StringINtNtCs54tgE0qq4eT_4core7convert4FromNtB5_10IdentifierE4from
FN:190,_RINvMs3_NtCsleJ6uViwJwk_10barks_core10expressionNtB6_10ObjectName4bareReEB8_
FN:194,_RINvMs3_NtCsleJ6uViwJwk_10barks_core10expressionNtB6_10ObjectName5childReEB8_
FN:700,_RNCNCNvXs7_NtCsleJ6uViwJwk_10barks_core10expressionNtNtB9_12serializable4ExprINtNtCs54tgE0qq4eT_4core7convert4FromNtB9_8ExprKindE4froms3_00Bb_
FN:803,_RNCNCNvXs8_NtCsleJ6uViwJwk_10barks_core10expressionNtNtB9_12serializable18UnresolvedFunctionINtNtCs54tgE0qq4eT_4core7convert4FromNtB9_18UnresolvedFunctionE4froms1_00Bb_
FN:828,_RNCNCNvXsa_NtCsleJ6uViwJwk_10barks_core10expressionNtNtB9_12serializable15WildcardOptionsINtNtCs54tgE0qq4eT_4core7convert4FromNtB9_15WildcardOptionsE4from00Bb_
FN:211,_RNCNvXs4_NtCsleJ6uViwJwk_10barks_core10expressionNtB7_10ObjectNameINtNtCs54tgE0qq4eT_4core7convert4FromINtNtCs48R0vjQGLEQ_5alloc3vec3VecReEE4from0B9_
FN:653,_RNCNvXs7_NtCsleJ6uViwJwk_10barks_core10expressionNtNtB7_12serializable4ExprINtNtCs54tgE0qq4eT_4core7convert4FromNtB7_8ExprKindE4from0B9_
FN:688,_RNCNvXs7_NtCsleJ6uViwJwk_10barks_core10expressionNtNtB7_12serializable4ExprINtNtCs54tgE0qq4eT_4core7convert4FromNtB7_8ExprKindE4froms0_0B9_
FN:693,_RNCNvXs7_NtCsleJ6uViwJwk_10barks_core10expressionNtNtB7_12serializable4ExprINtNtCs54tgE0qq4eT_4core7convert4FromNtB7_8ExprKindE4froms1_0B9_
FN:696,_RNCNvXs7_NtCsleJ6uViwJwk_10barks_core10expressionNtNtB7_12serializable4ExprINtNtCs54tgE0qq4eT_4core7convert4FromNtB7_8ExprKindE4froms2_0B9_
FN:700,_RNCNvXs7_NtCsleJ6uViwJwk_10barks_core10expressionNtNtB7_12serializable4ExprINtNtCs54tgE0qq4eT_4core7convert4FromNtB7_8ExprKindE4froms3_0B9_
FN:725,_RNCNvXs7_NtCsleJ6uViwJwk_10barks_core10expressionNtNtB7_12serializable4ExprINtNtCs54tgE0qq4eT_4core7convert4FromNtB7_8ExprKindE4froms4_0B9_
FN:675,_RNCNvXs7_NtCsleJ6uViwJwk_10barks_core10expressionNtNtB7_12serializable4ExprINtNtCs54tgE0qq4eT_4core7convert4FromNtB7_8ExprKindE4froms_0B9_
FN:790,_RNCNvXs8_NtCsleJ6uViwJwk_10barks_core10expressionNtNtB7_12serializable18UnresolvedFunctionINtNtCs54tgE0qq4eT_4core7convert4FromNtB7_18UnresolvedFunctionE4from0B9_
FN:800,_RNCNvXs8_NtCsleJ6uViwJwk_10barks_core10expressionNtNtB7_12serializable18UnresolvedFunctionINtNtCs54tgE0qq4eT_4core7convert4FromNtB7_18UnresolvedFunctionE4froms0_0B9_
FN:803,_RNCNvXs8_NtCsleJ6uViwJwk_10barks_core10expressionNtNtB7_12serializable18UnresolvedFunctionINtNtCs54tgE0qq4eT_4core7convert4FromNtB7_18UnresolvedFunctionE4froms1_0B9_
FN:794,_RNCNvXs8_NtCsleJ6uViwJwk_10barks_core10expressionNtNtB7_12serializable18UnresolvedFunctionINtNtCs54tgE0qq4eT_4core7convert4FromNtB7_18UnresolvedFunctionE4froms_0B9_
FN:828,_RNCNvXsa_NtCsleJ6uViwJwk_10barks_core10expressionNtNtB7_12serializable15WildcardOptionsINtNtCs54tgE0qq4eT_4core7convert4FromNtB7_15WildcardOptionsE4from0B9_
FN:856,_RNCNvXsc_NtCsleJ6uViwJwk_10barks_core10expressionNtNtB7_12serializable6WindowINtNtCs54tgE0qq4eT_4core7convert4FromNtB7_6WindowE4from0B9_
FN:858,_RNCNvXsc_NtCsleJ6uViwJwk_10barks_core10expressionNtNtB7_12serializable6WindowINtNtCs54tgE0qq4eT_4core7convert4FromNtB7_6WindowE4froms0_0B9_
FN:859,_RNCNvXsc_NtCsleJ6uViwJwk_10barks_core10expressionNtNtB7_12serializable6WindowINtNtCs54tgE0qq4eT_4core7convert4FromNtB7_6WindowE4froms1_0B9_
FN:857,_RNCNvXsc_NtCsleJ6uViwJwk_10barks_core10expressionNtNtB7_12serializable6WindowINtNtCs54tgE0qq4eT_4core7convert4FromNtB7_6WindowE4froms_0B9_
FN:909,_RNCNvXsf_NtCsleJ6uViwJwk_10barks_core10expressionNtNtB7_12serializable31CommonInlineUserDefinedFunctionINtNtCs54tgE0qq4eT_4core7convert4FromNtB7_31CommonInlineUserDefinedFunctionE4from0B9_
FN:923,_RNCNvXsg_NtCsleJ6uViwJwk_10barks_core10expressionNtNtB7_12serializable36CommonInlineUserDefinedTableFunctionINtNtCs54tgE0qq4eT_4core7convert4FromNtB7_36CommonInlineUserDefinedTableFunctionE4from0B9_
FN:210,_RNvXs4_NtCsleJ6uViwJwk_10barks_core10expressionNtB5_10ObjectNameINtNtCs54tgE0qq4eT_4core7convert4FromINtNtCs48R0vjQGLEQ_5alloc3vec3VecReEE4fromB7_
FN:931,_RNvXsh_NtCsleJ6uViwJwk_10barks_core10expressionNtNtB5_12serializable29UnresolvedNamedLambdaVariableINtNtCs54tgE0qq4eT_4core7convert4FromNtB5_29UnresolvedNamedLambdaVariableE4from
FN:216,_RNvXs5_NtCsleJ6uViwJwk_10barks_core10expressionINtNtCs48R0vjQGLEQ_5alloc3vec3VecNtNtBO_6string6StringEINtNtCs54tgE0qq4eT_4core7convert4FromNtB5_10ObjectNameE4from
FNDA:0,_RNCINvXNvNtCsleJ6uViwJwk_10barks_core10expressions1_1__NtB7_10ObjectNameNtNtCs1jtb3MfGbeA_5serde2de11Deserialize11deserializepE0B9_
FNDA:0,_RNCINvXNvNtCsleJ6uViwJwk_10barks_core10expressions_1__NtB7_10IdentifierNtNtCs1jtb3MfGbeA_5serde2de11Deserialize11deserializepE0B9_
FNDA:0,_RNvMsi_NtCsleJ6uViwJwk_10barks_core10expressionNtB5_14PySparkUdfType17is_table_function
FNDA:0,_RNvMsi_NtCsleJ6uViwJwk_10barks_core10expressionNtB5_14PySparkUdfType7invalid
FNDA:0,_RNvXs1E_NtCsleJ6uViwJwk_10barks_core10expressionNtB6_14PySparkUdfTypeINtNtCs54tgE0qq4eT_4core7convert7TryFromlE8try_fromB8_
FNDA:0,_RNvXs1G_NtCsleJ6uViwJwk_10barks_core10expressionlINtNtCs54tgE0qq4eT_4core7convert4FromNtB6_14PySparkUdfTypeE4fromB8_
FNDA:7,_RNvXs6_NtCsleJ6uViwJwk_10barks_core10expressionNtNtB5_12serializable4ExprINtNtCs54tgE0qq4eT_4core7convert4FromNtB5_4ExprE4fromB7_
FNDA:7,_RNvXs7_NtCsleJ6uViwJwk_10barks_core10expressionNtNtB5_12serializable4ExprINtNtCs54tgE0qq4eT_4core7convert4FromNtB5_8ExprKindE4fromB7_
FNDA:2,_RNvXs8_NtCsleJ6uViwJwk_10barks_core10expressionNtNtB5_12serializable18UnresolvedFunctionINtNtCs54tgE0qq4eT_4core7convert4FromNtB5_18UnresolvedFunctionE4fromB7_
FNDA:2,_RNvXs9_NtCsleJ6uViwJwk_10barks_core10expressionNtNtB5_12serializable9SortOrderINtNtCs54tgE0qq4eT_4core7convert4FromNtB5_9SortOrderE4fromB7_
FNDA:1,_RNvXsa_NtCsleJ6uViwJwk_10barks_core10expressionNtNtB5_12serializable15WildcardOptionsINtNtCs54tgE0qq4eT_4core7convert4FromNtB5_15WildcardOptionsE4fromB7_
FNDA:0,_RNvXsb_NtCsleJ6uViwJwk_10barks_core10expressionNtNtB5_12serializable21WildcardReplaceColumnINtNtCs54tgE0qq4eT_4core7convert4FromNtB5_21WildcardReplaceColumnE4fromB7_
FNDA:1,_RNvXsc_NtCsleJ6uViwJwk_10barks_core10expressionNtNtB5_12serializable6WindowINtNtCs54tgE0qq4eT_4core7convert4FromNtB5_6WindowE4fromB7_
FNDA:0,_RNvXsd_NtCsleJ6uViwJwk_10barks_core10expressionNtNtB5_12serializable11WindowFrameINtNtCs54tgE0qq4eT_4core7convert4FromNtB5_11WindowFrameE4fromB7_
FNDA:0,_RNvXse_NtCsleJ6uViwJwk_10barks_core10expressionNtNtB5_12serializable19WindowFrameBoundaryINtNtCs54tgE0qq4eT_4core7convert4FromNtB5_19WindowFrameBoundaryE4fromB7_
FNDA:0,_RNvXsf_NtCsleJ6uViwJwk_10barks_core10expressionNtNtB5_12serializable31CommonInlineUserDefinedFunctionINtNtCs54tgE0qq4eT_4core7convert4FromNtB5_31CommonInlineUserDefinedFunctionE4fromB7_
FNDA:0,_RNvXsg_NtCsleJ6uViwJwk_10barks_core10expressionNtNtB5_12serializable36CommonInlineUserDefinedTableFunctionINtNtCs54tgE0qq4eT_4core7convert4FromNtB5_36CommonInlineUserDefinedTableFunctionE4fromB7_
FNDA:1,_RNvNtNtCsleJ6uViwJwk_10barks_core10expression5testss_18test_expr_creation
FNDA:1,_RNvNtNtCsleJ6uViwJwk_10barks_core10expression5testss_20test_expr_conversion
FNDA:1,_RNvNtNtCsleJ6uViwJwk_10barks_core10expression5testss_20test_expr_kinds_cast
FNDA:1,_RNvNtNtCsleJ6uViwJwk_10barks_core10expression5testss_20test_window_variants
FNDA:1,_RNvNtNtCsleJ6uViwJwk_10barks_core10expression5testss_21test_expr_kinds_alias
FNDA:1,_RNvNtNtCsleJ6uViwJwk_10barks_core10expression5testss_21test_wildcard_options
FNDA:1,_RNvNtNtCsleJ6uViwJwk_10barks_core10expression5testss_23test_expr_kinds_between
FNDA:1,_RNvNtNtCsleJ6uViwJwk_10barks_core10expression5testss_23test_expr_kinds_in_list
FNDA:1,_RNvNtNtCsleJ6uViwJwk_10barks_core10expression5testss_23test_expr_kinds_literal
FNDA:1,_RNvNtNtCsleJ6uViwJwk_10barks_core10expression5testss_23test_null_ordering_enum
FNDA:1,_RNvNtNtCsleJ6uViwJwk_10barks_core10expression5testss_23test_window_frame_types
FNDA:1,_RNvNtNtCsleJ6uViwJwk_10barks_core10expression5testss_24test_expr_kinds_grouping
FNDA:1,_RNvNtNtCsleJ6uViwJwk_10barks_core10expression5testss_24test_expr_kinds_subquery
FNDA:1,_RNvNtNtCsleJ6uViwJwk_10barks_core10expression5testss_24test_expr_kinds_temporal
FNDA:1,_RNvNtNtCsleJ6uViwJwk_10barks_core10expression5testss_24test_identifier_creation
FNDA:1,_RNvNtNtCsleJ6uViwJwk_10barks_core10expression5testss_24test_sort_direction_enum
FNDA:1,_RNvNtNtCsleJ6uViwJwk_10barks_core10expression5testss_24test_sort_order_creation
FNDA:1,_RNvNtNtCsleJ6uViwJwk_10barks_core10expression5testss_25test_object_name_creation
FNDA:1,_RNvNtNtCsleJ6uViwJwk_10barks_core10expression5testss_26test_expr_kinds_similar_to
FNDA:1,_RNvNtNtCsleJ6uViwJwk_10barks_core10expression5testss_26test_sort_order_conversion
FNDA:1,_RNvNtNtCsleJ6uViwJwk_10barks_core10expression5testss_28test_complex_expr_conversion
FNDA:1,_RNvNtNtCsleJ6uViwJwk_10barks_core10expression5testss_28test_window_frame_boundaries
FNDA:1,_RNvNtNtCsleJ6uViwJwk_10barks_core10expression5testss_32test_expr_kinds_unresolved_regex
FNDA:1,_RNvNtNtCsleJ6uViwJwk_10barks_core10expression5testss_32test_wildcard_options_conversion
[...]
FN:717,_RNvMsl_NtCsleJ6uViwJwk_10barks_core5typesNtB5_8DataType7boolean
FN:732,_RNvMsl_NtCsleJ6uViwJwk_10barks_core5typesNtB5_8DataType7float32
FN:196,_RNvXININtCsleJ6uViwJwk_10barks_core5typess2_0pEINtB5_6FieldspENtNtCs54tgE0qq4eT_4core7default7Default7defaultB7_
FN:220,_RNvXININtCsleJ6uViwJwk_10barks_core5typess6_0pEINtB5_6FieldspEINtNtCs54tgE0qq4eT_4core7convert4FromINtNtCs48R0vjQGLEQ_5alloc3vec3VecINtNtB1E_4sync3ArcINtB5_5FieldpEEEE4fromB7_
FN:226,_RNvXININtCsleJ6uViwJwk_10barks_core5typess7_0pEINtB5_6FieldspEINtNtCs54tgE0qq4eT_4core7convert4FromRSINtNtCs48R0vjQGLEQ_5alloc4sync3ArcINtB5_5FieldpEEE4fromB7_
FN:232,_RNvXININtCsleJ6uViwJwk_10barks_core5typess8_0pKpEINtB5_6FieldspEINtNtCs54tgE0qq4eT_4core7convert4FromAINtNtCs48R0vjQGLEQ_5alloc4sync3ArcINtB5_5FieldpEEpE4fromB7_
FN:249,_RNvXININtCsleJ6uViwJwk_10barks_core5typessa_0pERINtB5_6FieldspENtNtNtNtCs54tgE0qq4eT_4core4iter6traits7collect12IntoIterator9into_iterB7_
FN:266,_RNvXININtCsleJ6uViwJwk_10barks_core5typessc_0pEINtB5_11UnionFieldspENtNtNtCs54tgE0qq4eT_4core3ops5deref5Deref5derefB7_
FN:416,_RNvXs1_NtNtCsleJ6uViwJwk_10barks_core5types12serializableNtB5_11UnionFieldsNtNtNtCs54tgE0qq4eT_4core3ops5deref5Deref5deref
FN:518,_RNvXs29_NtCsleJ6uViwJwk_10barks_core5typesNtB6_17IntervalFieldTypeINtNtCs54tgE0qq4eT_4core7convert7TryFromlE8try_fromB8_
FN:47,_RNvMs_NtCsleJ6uViwJwk_10barks_core5typesNtB4_8DataType3new
FN:463,_RNvMse_NtCsleJ6uViwJwk_10barks_core5typesNtB5_9UnionMode7invalid
FN:501,_RNvMsg_NtCsleJ6uViwJwk_10barks_core5typesNtB5_12IntervalUnit7invalid
FN:561,_RNvMsi_NtCsleJ6uViwJwk_10barks_core5typesNtB5_12DataTypeKind10is_numeric
FN:570,_RNvMsi_NtCsleJ6uViwJwk_10barks_core5typesNtB5_12DataTypeKind11is_temporal
FN:594,_RNvMsi_NtCsleJ6uViwJwk_10barks_core5typesNtB5_12DataTypeKind9is_binary
FN:607,_RNvMsi_NtCsleJ6uViwJwk_10barks_core5typesNtB5_12DataTypeKind9is_nested
FN:584,_RNvMsi_NtCsleJ6uViwJwk_10barks_core5typesNtB5_12DataTypeKind9is_string
FN:640,_RNvMsj_NtCsleJ6uViwJwk_10barks_core5typesNtB5_13PrimitiveType10is_integer
FN:622,_RNvMsj_NtCsleJ6uViwJwk_10barks_core5typesNtB5_13PrimitiveType10is_numeric
FN:655,_RNvMsj_NtCsleJ6uViwJwk_10barks_core5typesNtB5_13PrimitiveType17is_floating_point
FN:663,_RNvMsj_NtCsleJ6uViwJwk_10barks_core5typesNtB5_13PrimitiveType9is_signed
FN:680,_RNvMsk_NtCsleJ6uViwJwk_10barks_core5typesNtB5_12DataTypeKind19validate_decimal128
FN:697,_RNvMsk_NtCsleJ6uViwJwk_10barks_core5typesNtB5_12DataTypeKind19validate_decimal256
FN:765,_RNvMsl_NtCsleJ6uViwJwk_10barks_core5typesNtB5_8DataType10decimal128
FN:771,_RNvMsl_NtCsleJ6uViwJwk_10barks_core5typesNtB5_8DataType10decimal256
FN:785,_RNvMsl_NtCsleJ6uViwJwk_10barks_core5typesNtB5_8DataType11struct_type
FN:752,_RNvMsl_NtCsleJ6uViwJwk_10barks_core5typesNtB5_8DataType15timestamp_nanos
FN:777,_RNvMsl_NtCsleJ6uViwJwk_10barks_core5typesNtB5_8DataType4list
FN:742,_RNvMsl_NtCsleJ6uViwJwk_10barks_core5typesNtB5_8DataType4utf8
FN:722,_RNvMsl_NtCsleJ6uViwJwk_10barks_core5typesNtB5_8DataType5int32
FN:727,_RNvMsl_NtCsleJ6uViwJwk_10barks_core5typesNtB5_8DataType5int64
FN:737,_RNvMsl_NtCsleJ6uViwJwk_10barks_core5typesNtB5_8DataType7float64
FN:452,_RNvXs1L_NtCsleJ6uViwJwk_10barks_core5typesNtB6_9UnionModeINtNtCs54tgE0qq4eT_4core7convert7TryFromlE8try_fromB8_
FN:489,_RNvXs1X_NtCsleJ6uViwJwk_10barks_core5typesNtB6_12IntervalUnitINtNtCs54tgE0qq4eT_4core7convert7TryFromlE8try_fromB8_
FN:469,_RNvXsf_NtCsleJ6uViwJwk_10barks_core5typesNtB5_9UnionModeNtNtCs54tgE0qq4eT_4core3fmt7Display3fmt
FN:940,_RNvNtNtCsleJ6uViwJwk_10barks_core5types5testss_16test_into_schema
FN:957,_RNvNtNtCsleJ6uViwJwk_10barks_core5types5testss_17test_enum_display
FN:963,_RNvNtNtCsleJ6uViwJwk_10barks_core5types5testss_18test_enum_try_from
FN:898,_RNvNtNtCsleJ6uViwJwk_10barks_core5types5testss_19test_field_creation
FN:930,_RNvNtNtCsleJ6uViwJwk_10barks_core5types5testss_20test_schema_creation
FN:844,_RNvNtNtCsleJ6uViwJwk_10barks_core5types5testss_21test_data_type_checks
FN:916,_RNvNtNtCsleJ6uViwJwk_10barks_core5types5testss_22test_fields_collection
FN:1069,_RNvNtNtCsleJ6uViwJwk_10barks_core5types5testss_22test_schema_conversion
FN:875,_RNvNtNtCsleJ6uViwJwk_10barks_core5types5testss_23test_decimal_validation
FN:978,_RNvNtNtCsleJ6uViwJwk_10barks_core5types5testss_23test_serializable_types
FN:1022,_RNvNtNtCsleJ6uViwJwk_10barks_core5types5testss_25test_data_type_conversion
FN:823,_RNvNtNtCsleJ6uViwJwk_10barks_core5types5testss_26test_primitive_type_checks
FN:1037,_RNvNtNtCsleJ6uViwJwk_10barks_core5types5testss_33test_complex_data_type_conversion
FN:391,_RNvMNtNtCsleJ6uViwJwk_10barks_core5types12serializableNtB2_6Fields3new
FN:409,_RNvMs0_NtNtCsleJ6uViwJwk_10barks_core5types12serializableNtB5_11UnionFields3new
FN:398,_RNvXs_NtNtCsleJ6uViwJwk_10barks_core5types12serializableNtB4_6FieldsNtNtNtCs54tgE0qq4eT_4core3ops5deref5Deref5deref
FN:803,_RINvMsm_NtCsleJ6uViwJwk_10barks_core5typesNtB6_5Field13with_metadataReEB8_
FN:793,_RINvMsm_NtCsleJ6uViwJwk_10barks_core5typesNtB6_5Field3newReEB8_
FN:202,_RINvXs3_NtCsleJ6uViwJwk_10barks_core5typesNtB6_6FieldsINtNtNtNtCs54tgE0qq4eT_4core4iter6traits7collect12FromIteratorNtB6_5FieldE9from_iterINtNtNtCs48R0vjQGLEQ_5alloc3vec9into_iter8IntoIterB1Q_EEB8_
FN:208,_RINvXs4_NtCsleJ6uViwJwk_10barks_core5typesNtB6_6FieldsINtNtNtNtCs54tgE0qq4eT_4core4iter6traits7collect12FromIteratorINtNtCs48R0vjQGLEQ_5alloc4sync3ArcNtB6_5FieldEE9from_iterINtNtNtBX_8adapters3map3MapINtNtNtB1V_3vec9into_iter8IntoIterB2o_ENvMsc_B1T_B1Q_3newEEB8_
FN:1238,_RNCNvXsq_NtCsleJ6uViwJwk_10barks_core5typesNtNtB7_12serializable6FieldsINtNtCs54tgE0qq4eT_4core7convert4FromNtB7_6FieldsE4from0B9_
FN:1251,_RNCNvXsr_NtCsleJ6uViwJwk_10barks_core5typesNtNtB7_12serializable11UnionFieldsINtNtCs54tgE0qq4eT_4core7convert4FromNtB7_11UnionFieldsE4from0B9_
FN:160,_RNvMs0_NtCsleJ6uViwJwk_10barks_core5typesNtB5_8DataType11into_schemaB7_
FN:190,_RNvMs1_NtCsleJ6uViwJwk_10barks_core5typesNtB5_6Fields5emptyB7_
FN:214,_RNvXs5_NtCsleJ6uViwJwk_10barks_core5typesNtB5_6FieldsINtNtCs54tgE0qq4eT_4core7convert4FromINtNtCs48R0vjQGLEQ_5alloc3vec3VecNtB5_5FieldEE4fromB7_
FN:240,_RNvXs9_NtCsleJ6uViwJwk_10barks_core5typesNtB5_6FieldsNtNtNtCs54tgE0qq4eT_4core3ops5deref5Deref5derefB7_
FNDA:0,_RNCINvXNvNtNtCsleJ6uViwJwk_10barks_core5types12serializables5_1__NtB7_6FieldsNtNtCs1jtb3MfGbeA_5serde2de11Deserialize11deserializeINtNvNtNtB1h_9___private2de13missing_field24MissingFieldDeserializerNtNtCs68TxGPNmNTF_10serde_json5error5ErrorEE0Bb_
FNDA:1,_RNCINvXNvNtNtCsleJ6uViwJwk_10barks_core5types12serializables5_1__NtB7_6FieldsNtNtCs1jtb3MfGbeA_5serde2de11Deserialize11deserializeQINtNtCs68TxGPNmNTF_10serde_json2de12DeserializerNtNtB2a_4read7StrReadEE0Bb_
FNDA:0,_RNCINvXNvNtNtCsleJ6uViwJwk_10barks_core5types12serializables7_1__NtB7_11UnionFieldsNtNtCs1jtb3MfGbeA_5serde2de11Deserialize11deserializeINtNvNtNtB1n_9___private2de13missing_field24MissingFieldDeserializerNtNtCs68TxGPNmNTF_10serde_json5error5ErrorEE0Bb_
FNDA:0,_RNCINvXNvNtNtCsleJ6uViwJwk_10barks_core5types12serializables7_1__NtB7_11UnionFieldsNtNtCs1jtb3MfGbeA_5serde2de11Deserialize11deserializeQINtNtCs68TxGPNmNTF_10serde_json2de12DeserializerNtNtB2g_4read7StrReadEE0Bb_
FNDA:6,_RNvXsn_NtCsleJ6uViwJwk_10barks_core5typesNtNtB5_12serializable8DataTypeINtNtCs54tgE0qq4eT_4core7convert4FromNtB5_8DataTypeE4fromB7_
FNDA:6,_RNvXso_NtCsleJ6uViwJwk_10barks_core5typesNtNtB5_12serializable12DataTypeKindINtNtCs54tgE0qq4eT_4core7convert4FromNtB5_12DataTypeKindE4fromB7_
FNDA:2,_RNvXsp_NtCsleJ6uViwJwk_10barks_core5typesNtNtB5_12serializable5FieldINtNtCs54tgE0qq4eT_4core7convert4FromNtB5_5FieldE4fromB7_
FNDA:1,_RNvXsq_NtCsleJ6uViwJwk_10barks_core5typesNtNtB5_12serializable6FieldsINtNtCs54tgE0qq4eT_4core7convert4FromNtB5_6FieldsE4fromB7_
FNDA:0,_RNvXsr_NtCsleJ6uViwJwk_10barks_core5typesNtNtB5_12serializable11UnionFieldsINtNtCs54tgE0qq4eT_4core7convert4FromNtB5_11UnionFieldsE4fromB7_
FNDA:1,_RNvXss_NtCsleJ6uViwJwk_10barks_core5typesNtNtB5_12serializable6SchemaINtNtCs54tgE0qq4eT_4core7convert4FromNtB5_6SchemaE4fromB7_
FNDA:0,_RINvXININtCsleJ6uViwJwk_10barks_core5typessd_0pEINtB6_11UnionFieldspEINtNtNtNtCs54tgE0qq4eT_4core4iter6traits7collect12FromIteratorTaINtNtCs48R0vjQGLEQ_5alloc4sync3ArcINtB6_5FieldpEEEE9from_iterpEB8_
FNDA:0,_RNvMsb_NtCsleJ6uViwJwk_10barks_core5typesINtB5_11UnionFieldspE5emptyB7_
FNDA:0,_RNvMsh_NtCsleJ6uViwJwk_10barks_core5typesNtB5_17IntervalFieldType7invalid
FNDA:0,_RNvMsl_NtCsleJ6uViwJwk_10barks_core5typesNtB5_8DataType6binary
FNDA:0,_RNvMsl_NtCsleJ6uViwJwk_10barks_core5typesNtB5_8DataType6date32
FNDA:0,_RNvMsl_NtCsleJ6uViwJwk_10barks_core5typesNtB5_8DataType7boolean
FNDA:0,_RNvMsl_NtCsleJ6uViwJwk_10barks_core5typesNtB5_8DataType7float32
FNDA:0,_RNvXININtCsleJ6uViwJwk_10barks_core5typess2_0pEINtB5_6FieldspENtNtCs54tgE0qq4eT_4core7default7Default7defaultB7_
FNDA:0,_RNvXININtCsleJ6uViwJwk_10barks_core5typess6_0pEINtB5_6FieldspEINtNtCs54tgE0qq4eT_4core7convert4FromINtNtCs48R0vjQGLEQ_5alloc3vec3VecINtNtB1E_4sync3ArcINtB5_5FieldpEEEE4fromB7_
FNDA:0,_RNvXININtCsleJ6uViwJwk_10barks_core5typess7_0pEINtB5_6FieldspEINtNtCs54tgE0qq4eT_4core7convert4FromRSINtNtCs48R0vjQGLEQ_5alloc4sync3ArcINtB5_5FieldpEEE4fromB7_
FNDA:0,_RNvXININtCsleJ6uViwJwk_10barks_core5typess8_0pKpEINtB5_6FieldspEINtNtCs54tgE0qq4eT_4core7convert4FromAINtNtCs48R0vjQGLEQ_5alloc4sync3ArcINtB5_5FieldpEEpE4fromB7_
FNDA:0,_RNvXININtCsleJ6uViwJwk_10barks_core5typessa_0pERINtB5_6FieldspENtNtNtNtCs54tgE0qq4eT_4core4iter6traits7collect12IntoIterator9into_iterB7_
FNDA:0,_RNvXININtCsleJ6uViwJwk_10barks_core5typessc_0pEINtB5_11UnionFieldspENtNtNtCs54tgE0qq4eT_4core3ops5deref5Deref5derefB7_
FNDA:0,_RNvXs1_NtNtCsleJ6uViwJwk_10barks_core5types12serializableNtB5_11UnionFieldsNtNtNtCs54tgE0qq4eT_4core3ops5deref5Deref5deref
FNDA:0,_RNvXs29_NtCsleJ6uViwJwk_10barks_core5typesNtB6_17IntervalFieldTypeINtNtCs54tgE0qq4eT_4core7convert7TryFromlE8try_fromB8_
FNDA:70,_RNvMs_NtCsleJ6uViwJwk_10barks_core5typesNtB4_8DataType3new
FNDA:1,_RNvMse_NtCsleJ6uViwJwk_10barks_core5typesNtB5_9UnionMode7invalid
FNDA:1,_RNvMsg_NtCsleJ6uViwJwk_10barks_core5typesNtB5_12IntervalUnit7invalid
FNDA:4,_RNvMsi_NtCsleJ6uViwJwk_10barks_core5typesNtB5_12DataTypeKind10is_numeric
FNDA:4,_RNvMsi_NtCsleJ6uViwJwk_10barks_core5typesNtB5_12DataTypeKind11is_temporal
FNDA:4,_RNvMsi_NtCsleJ6uViwJwk_10barks_core5typesNtB5_12DataTypeKind9is_binary
FNDA:4,_RNvMsi_NtCsleJ6uViwJwk_10barks_core5typesNtB5_12DataTypeKind9is_nested
FNDA:4,_RNvMsi_NtCsleJ6uViwJwk_10barks_core5typesNtB5_12DataTypeKind9is_string
FNDA:3,_RNvMsj_NtCsleJ6uViwJwk_10barks_core5typesNtB5_13PrimitiveType10is_integer
FNDA:7,_RNvMsj_NtCsleJ6uViwJwk_10barks_core5typesNtB5_13PrimitiveType10is_numeric
FNDA:3,_RNvMsj_NtCsleJ6uViwJwk_10barks_core5typesNtB5_13PrimitiveType17is_floating_point
FNDA:3,_RNvMsj_NtCsleJ6uViwJwk_10barks_core5typesNtB5_13PrimitiveType9is_signed
FNDA:5,_RNvMsk_NtCsleJ6uViwJwk_10barks_core5typesNtB5_12DataTypeKind19validate_decimal128
FNDA:3,_RNvMsk_NtCsleJ6uViwJwk_10barks_core5typesNtB5_12DataTypeKind19validate_decimal256
FNDA:5,_RNvMsl_NtCsleJ6uViwJwk_10barks_core5typesNtB5_8DataType10decimal128
FNDA:3,_RNvMsl_NtCsleJ6uViwJwk_10barks_core5typesNtB5_8DataType10decimal256
FNDA:1,_RNvMsl_NtCsleJ6uViwJwk_10barks_core5typesNtB5_8DataType11struct_type
FNDA:1,_RNvMsl_NtCsleJ6uViwJwk_10barks_core5typesNtB5_8DataType15timestamp_nanos
FNDA:1,_RNvMsl_NtCsleJ6uViwJwk_10barks_core5typesNtB5_8DataType4list
FNDA:6,_RNvMsl_NtCsleJ6uViwJwk_10barks_core5typesNtB5_8DataType4utf8
FNDA:5,_RNvMsl_NtCsleJ6uViwJwk_10barks_core5typesNtB5_8DataType5int32
FNDA:1,_RNvMsl_NtCsleJ6uViwJwk_10barks_core5typesNtB5_8DataType5int64
FNDA:2,_RNvMsl_NtCsleJ6uViwJwk_10barks_core5typesNtB5_8DataType7float64
FNDA:3,_RNvXs1L_NtCsleJ6uViwJwk_10barks_core5typesNtB6_9UnionModeINtNtCs54tgE0qq4eT_4core7convert7TryFromlE8try_fromB8_
FNDA:4,_RNvXs1X_NtCsleJ6uViwJwk_10barks_core5typesNtB6_12IntervalUnitINtNtCs54tgE0qq4eT_4core7convert7TryFromlE8try_fromB8_
FNDA:2,_RNvXsf_NtCsleJ6uViwJwk_10barks_core5typesNtB5_9UnionModeNtNtCs54tgE0qq4eT_4core3fmt7Display3fmt
FNDA:1,_RNvNtNtCsleJ6uViwJwk_10barks_core5types5testss_16test_into_schema
FNDA:1,_RNvNtNtCsleJ6uViwJwk_10barks_core5types5testss_17test_enum_display
FNDA:1,_RNvNtNtCsleJ6uViwJwk_10barks_core5types5testss_18test_enum_try_from
FNDA:1,_RNvNtNtCsleJ6uViwJwk_10barks_core5types5testss_19test_field_creation
FNDA:1,_RNvNtNtCsleJ6uViwJwk_10barks_core5types5testss_20test_schema_creation
FNDA:1,_RNvNtNtCsleJ6uViwJwk_10barks_core5types5testss_21test_data_type_checks
FNDA:1,_RNvNtNtCsleJ6uViwJwk_10barks_core5types5testss_22test_fields_collection
FNDA:1,_RNvNtNtCsleJ6uViwJwk_10barks_core5types5testss_22test_schema_conversion
FNDA:1,_RNvNtNtCsleJ6uViwJwk_10barks_core5types5testss_23test_decimal_validation
FNDA:1,_RNvNtNtCsleJ6uViwJwk_10barks_core5types5testss_23test_serializable_types
FNDA:1,_RNvNtNtCsleJ6uViwJwk_10barks_core5types5testss_25test_data_type_conversion
FNDA:1,_RNvNtNtCsleJ6uViwJwk_10barks_core5types5testss_26test_primitive_type_checks
FNDA:1,_RNvNtNtCsleJ6uViwJwk_10barks_core5types5testss_33test_complex_data_type_conversion
FNDA:4,_RNvMNtNtCsleJ6uViwJwk_10barks_core5types12serializableNtB2_6Fields3new
FNDA:1,_RNvMs0_NtNtCsleJ6uViwJwk_10barks_core5types12serializableNtB5_11UnionFields3new
FNDA:8,_RNvXs_NtNtCsleJ6uViwJwk_10barks_core5types12serializableNtB4_6FieldsNtNtNtCs54tgE0qq4eT_4core3ops5deref5Deref5deref
FNDA:1,_RINvMsm_NtCsleJ6uViwJwk_10barks_core5typesNtB6_5Field13with_metadataReEB8_
FNDA:7,_RINvMsm_NtCsleJ6uViwJwk_10barks_core5typesNtB6_5Field3newReEB8_
FNDA:5,_RINvXs3_NtCsleJ6uViwJwk_10barks_core5typesNtB6_6FieldsINtNtNtNtCs54tgE0qq4eT_4core4iter6traits7collect12FromIteratorNtB6_5FieldE9from_iterINtNtNtCs48R0vjQGLEQ_5alloc3vec9into_iter8IntoIterB1Q_EEB8_
FNDA:5,_RINvXs4_NtCsleJ6uViwJwk_10barks_core5typesNtB6_6FieldsINtNtNtNtCs54tgE0qq4eT_4core4iter6traits7collect12FromIteratorINtNtCs48R0vjQGLEQ_5alloc4sync3ArcNtB6_5FieldEE9from_iterINtNtNtBX_8adapters3map3MapINtNtNtB1V_3vec9into_iter8IntoIterB2o_ENvMsc_B1T_B1Q_3newEEB8_
FNDA:2,_RNCNvXsq_NtCsleJ6uViwJwk_10barks_core5typesNtNtB7_12serializable6FieldsINtNtCs54tgE0qq4eT_4core7convert4FromNtB7_6FieldsE4from0B9_
FNDA:0,_RNCNvXsr_NtCsleJ6uViwJwk_10barks_core5typesNtNtB7_12serializable11UnionFieldsINtNtCs54tgE0qq4eT_4core7convert4FromNtB7_11UnionFieldsE4from0B9_
FNDA:2,_RNvMs0_NtCsleJ6uViwJwk_10barks_core5typesNtB5_8DataType11into_schemaB7_
FNDA:1,_RNvMs1_NtCsleJ6uViwJwk_10barks_core5typesNtB5_6Fields5emptyB7_
FNDA:5,_RNvXs5_NtCsleJ6uViwJwk_10barks_core5typesNtB5_6FieldsINtNtCs54tgE0qq4eT_4core7convert4FromINtNtCs48R0vjQGLEQ_5alloc3vec3VecNtB5_5FieldEE4fromB7_
FNDA:10,_RNvXs9_NtCsleJ6uViwJwk_10barks_core5typesNtB5_6FieldsNtNtNtCs54tgE0qq4eT_4core3ops5deref5Deref5derefB7_
FNF:75
FNH:57
DA:47,70
DA:48,70
DA:49,70
DA:50,70
DA:51,70
DA:52,70
DA:160,2
DA:161,2
DA:162,1
DA:163,1
DA:164,1
DA:165,1
DA:166,1
DA:167,1
DA:168,1
DA:170,2
DA:171,2
DA:190,1
DA:191,1
DA:192,1
DA:196,0
DA:197,0
DA:198,0
DA:202,5
DA:203,5
DA:204,5
DA:208,5
DA:209,5
DA:210,5
DA:214,5
DA:215,5
DA:216,5
DA:220,0
DA:221,0
DA:222,0
DA:226,0
DA:227,0
DA:228,0
DA:232,0
DA:233,0
DA:234,0
DA:240,10
DA:241,10
DA:242,10
DA:249,0
DA:250,0
DA:251,0
DA:258,0
DA:259,0
DA:260,0
DA:266,0
DA:267,0
DA:268,0
DA:272,0
DA:273,0
DA:274,0
DA:385,1
DA:391,4
DA:392,4
DA:393,4
DA:398,8
DA:399,8
DA:400,8
DA:404,0
DA:409,1
DA:410,1
DA:411,1
DA:416,0
DA:417,0
DA:418,0
DA:452,3
DA:463,1
DA:464,1
DA:465,1
DA:469,2
DA:470,2
DA:471,1
DA:472,1
DA:474,2
DA:489,4
DA:501,1
DA:502,1
DA:503,1
DA:518,0
DA:533,0
DA:534,0
DA:535,0
DA:561,4
DA:562,4
DA:563,2
DA:564,0
DA:565,2
DA:567,4
DA:570,4
DA:571,3
DA:572,2
DA:581,4
DA:584,4
DA:585,3
DA:586,2
DA:591,4
DA:594,4
DA:595,4
DA:596,2
DA:604,4
DA:607,4
DA:608,3
DA:609,4
DA:617,4
DA:622,7
DA:623,3
DA:624,7
DA:637,7
DA:640,3
DA:641,1
DA:642,3
DA:652,3
DA:655,3
DA:656,2
DA:657,3
DA:660,3
DA:663,3
DA:664,1
DA:665,3
DA:674,3
DA:680,5
DA:681,5
DA:682,2
DA:683,2
DA:684,2
DA:685,2
DA:686,3
DA:687,3
DA:688,1
DA:689,1
DA:690,1
DA:691,1
DA:692,2
DA:693,2
DA:694,5
DA:697,3
DA:698,3
DA:699,1
DA:700,1
DA:701,1
DA:702,1
DA:703,2
DA:704,2
DA:705,0
DA:706,0
DA:707,0
DA:708,0
DA:709,2
DA:710,2
DA:711,3
DA:717,0
DA:718,0
DA:719,0
DA:722,5
DA:723,5
DA:724,5
DA:727,1
DA:728,1
DA:729,1
DA:732,0
DA:733,0
DA:734,0
DA:737,2
DA:738,2
DA:739,2
DA:742,6
DA:743,6
DA:744,6
DA:747,0
DA:748,0
DA:749,0
DA:752,1
DA:753,1
DA:754,1
DA:755,1
DA:756,1
DA:757,1
DA:760,0
DA:761,0
DA:762,0
DA:765,5
DA:766,5
DA:767,2
DA:768,5
DA:771,3
DA:772,3
DA:773,2
DA:774,3
DA:777,1
DA:778,1
DA:779,1
DA:780,1
DA:781,1
DA:782,1
DA:785,1
DA:786,1
DA:787,1
DA:793,7
DA:794,7
DA:795,7
DA:796,7
DA:797,7
DA:798,7
DA:799,7
DA:800,7
DA:803,1
DA:804,1
DA:805,1
DA:806,1
DA:807,1
DA:808,1
DA:809,1
DA:810,1
DA:811,1
DA:812,1
DA:813,1
DA:814,1
DA:815,1
DA:823,1
DA:824,1
DA:825,1
DA:826,1
DA:827,1
DA:829,1
DA:830,1
DA:831,1
DA:832,1
DA:834,1
DA:835,1
DA:836,1
DA:837,1
DA:839,1
DA:840,1
DA:841,1
DA:844,1
DA:845,1
DA:846,1
DA:847,1
DA:848,1
DA:849,1
DA:850,1
DA:852,1
DA:853,1
DA:854,1
DA:855,1
DA:856,1
DA:857,1
DA:859,1
DA:860,1
DA:861,1
DA:862,1
DA:863,1
DA:864,1
DA:866,1
DA:867,1
DA:868,1
DA:869,1
DA:870,1
DA:871,1
DA:872,1
DA:875,1
DA:876,1
DA:877,1
DA:878,1
DA:881,1
DA:884,1
DA:887,1
DA:890,1
DA:891,1
DA:894,1
DA:895,1
DA:898,1
DA:899,1
DA:900,1
DA:901,1
DA:902,1
DA:904,1
DA:905,1
DA:906,1
DA:907,1
DA:908,1
DA:909,1
DA:910,1
DA:911,1
DA:912,1
DA:913,1
DA:916,1
DA:917,1
DA:918,1
DA:919,1
DA:920,1
DA:921,1
DA:922,1
DA:923,1
DA:925,1
DA:926,1
DA:927,1
DA:930,1
DA:931,1
DA:932,1
DA:933,1
DA:934,1
DA:935,1
DA:936,1
DA:937,1
DA:940,1
DA:941,1
DA:942,1
DA:943,1
DA:944,1
DA:945,1
DA:946,1
DA:947,1
DA:949,1
DA:950,1
DA:951,1
DA:952,1
DA:953,1
DA:954,1
DA:957,1
DA:958,1
DA:959,1
DA:960,1
DA:963,1
DA:964,1
DA:965,1
DA:966,1
DA:968,1
DA:969,1
DA:970,1
DA:971,1
DA:972,1
DA:973,1
DA:974,1
DA:975,1
DA:978,1
DA:982,1
DA:983,1
DA:984,1
DA:985,1
DA:986,1
DA:987,1
DA:988,1
DA:989,1
DA:990,1
DA:991,1
DA:992,1
DA:993,1
DA:994,1
DA:995,1
DA:996,1
DA:997,1
DA:998,1
DA:999,1
DA:1000,1
DA:1001,1
DA:1002,1
DA:1003,1
DA:1004,1
DA:1005,1
DA:1006,1
DA:1007,1
DA:1008,1
DA:1009,1
DA:1010,1
DA:1011,1
DA:1014,1
DA:1015,1
DA:1016,1
DA:1017,1
DA:1018,1
DA:1019,1
DA:1022,1
DA:1023,1
DA:1024,1
DA:1025,1
DA:1026,1
DA:1027,1
DA:1028,1
DA:1029,1
DA:1030,1
DA:1031,1
DA:1032,0
DA:1034,1
DA:1037,1
DA:1038,1
DA:1039,1
DA:1040,1
DA:1041,1
DA:1042,1
DA:1043,1
DA:1044,1
DA:1045,1
DA:1046,1
DA:1047,1
DA:1048,1
DA:1049,1
DA:1050,1
DA:1051,1
DA:1052,1
DA:1053,1
DA:1055,1
DA:1056,1
DA:1057,1
DA:1058,1
DA:1059,1
DA:1060,1
DA:1061,0
DA:1064,0
DA:1066,1
DA:1069,1
DA:1070,1
DA:1071,1
DA:1072,1
DA:1073,1
DA:1074,1
DA:1075,1
DA:1076,1
DA:1077,1
DA:1078,1
DA:1079,1
DA:1080,1
DA:1081,1
DA:1082,1
DA:1083,1
DA:1084,1
DA:1085,1
DA:1086,1
DA:1087,1
DA:1088,1
DA:1089,1
DA:1090,1
DA:1091,1
DA:1092,1
DA:1093,1
DA:1094,1
DA:1095,1
DA:1096,1
DA:1097,1
DA:1098,1
DA:1099,1
DA:1100,1
DA:1107,6
DA:1108,6
DA:1109,6
DA:1110,6
DA:1111,6
DA:1112,6
DA:1117,6
DA:1118,6
DA:1119,5
DA:1121,0
DA:1122,0
DA:1123,0
DA:1124,0
DA:1125,0
DA:1126,0
DA:1127,0
DA:1128,0
DA:1129,0
DA:1130,0
DA:1133,0
DA:1134,0
DA:1135,0
DA:1136,0
DA:1137,0
DA:1138,0
DA:1139,0
DA:1140,0
DA:1141,0
DA:1142,0
DA:1145,1
DA:1146,1
DA:1147,1
DA:1148,1
DA:1149,1
DA:1150,1
DA:1152,0
DA:1153,0
DA:1154,0
DA:1155,0
DA:1156,0
DA:1157,0
DA:1158,0
DA:1159,0
DA:1161,0
DA:1162,0
DA:1163,0
DA:1164,0
DA:1165,0
DA:1166,0
DA:1167,0
DA:1168,0
DA:1169,0
DA:1171,0
DA:1172,0
DA:1173,0
DA:1174,0
DA:1175,0
DA:1176,0
DA:1178,0
DA:1179,0
DA:1180,0
DA:1181,0
DA:1182,0
DA:1183,0
DA:1184,0
DA:1185,0
DA:1187,0
DA:1188,0
DA:1191,0
DA:1192,0
DA:1193,0
DA:1194,0
DA:1195,0
DA:1196,0
DA:1197,0
DA:1198,0
DA:1199,0
DA:1200,0
DA:1202,0
DA:1203,0
DA:1204,0
DA:1205,0
DA:1206,0
DA:1207,0
DA:1208,0
DA:1209,0
DA:1210,0
DA:1211,0
DA:1212,0
DA:1213,0
DA:1214,0
DA:1215,0
DA:1218,6
DA:1223,2
DA:1224,2
DA:1225,2
DA:1226,2
DA:1227,2
DA:1228,2
DA:1229,2
DA:1230,2
DA:1235,1
DA:1236,1
DA:1237,1
DA:1238,2
DA:1239,1
DA:1240,1
DA:1241,1
DA:1246,0
DA:1247,0
DA:1248,0
DA:1249,0
DA:1250,0
DA:1251,0
DA:1252,0
DA:1253,0
DA:1254,0
DA:1259,1
DA:1260,1
DA:1261,1
DA:1262,1
DA:1263,1
BRF:0
BRH:0
LF:571
LH:432
end_of_record